<?xml version="1.0" encoding="UTF-8"?>
<testsuites>
  <testsuite name="" tests="30" assertions="58" errors="0" warnings="0" failures="0" skipped="0" time="0.083079">
    <testsuite name="Project Test Suite" tests="30" assertions="58" errors="0" warnings="0" failures="0" skipped="0" time="0.083079">
      <testsuite name="BankTest" file="/home/martin/dbwebb-kurser/mvc/me/report/tests/Cards/BankTest.php" tests="3" assertions="3" errors="0" warnings="0" failures="0" skipped="0" time="0.022793">
        <testcase name="testPlayAndReturnPointsNotPlaying" class="BankTest" classname="BankTest" file="/home/martin/dbwebb-kurser/mvc/me/report/tests/Cards/BankTest.php" line="11" assertions="1" time="0.018149">
          <system-out>[A‚ô•][2‚ô•][3‚ô•][4‚ô•][5‚ô•][6‚ô•][7‚ô•][8‚ô•][9‚ô•][10‚ô•][J‚ô•][Q‚ô•][K‚ô•][A‚ô£][2‚ô£][3‚ô£][4‚ô£][5‚ô£][6‚ô£][7‚ô£][8‚ô£][9‚ô£][10‚ô£][J‚ô£][Q‚ô£][K‚ô£][A‚ô¶][2‚ô¶][3‚ô¶][4‚ô¶][5‚ô¶][6‚ô¶][7‚ô¶][8‚ô¶][9‚ô¶][10‚ô¶][J‚ô¶][Q‚ô¶][K‚ô¶][A‚ô†][2‚ô†][3‚ô†][4‚ô†][5‚ô†][6‚ô†][7‚ô†][8‚ô†][9‚ô†][10‚ô†][J‚ô†][Q‚ô†][K‚ô†][A‚ô†][K‚ô†]</system-out>
        </testcase>
        <testcase name="testPlayAndReturnPointsCardHandLessThan17" class="BankTest" classname="BankTest" file="/home/martin/dbwebb-kurser/mvc/me/report/tests/Cards/BankTest.php" line="23" assertions="1" time="0.001721">
          <system-out>[A‚ô•][2‚ô•][3‚ô•][4‚ô•][5‚ô•][6‚ô•][7‚ô•][8‚ô•][9‚ô•][10‚ô•][J‚ô•][Q‚ô•][K‚ô•][A‚ô£][2‚ô£][3‚ô£][4‚ô£][5‚ô£][6‚ô£][7‚ô£][8‚ô£][9‚ô£][10‚ô£][J‚ô£][Q‚ô£][K‚ô£][A‚ô¶][2‚ô¶][3‚ô¶][4‚ô¶][5‚ô¶][6‚ô¶][7‚ô¶][8‚ô¶][9‚ô¶][10‚ô¶][J‚ô¶][Q‚ô¶][K‚ô¶][A‚ô†][2‚ô†][3‚ô†][4‚ô†][5‚ô†][6‚ô†][7‚ô†][8‚ô†][9‚ô†][10‚ô†][J‚ô†][Q‚ô†][K‚ô†][A‚ô†][K‚ô†]</system-out>
        </testcase>
        <testcase name="testPlayAndReturnPointsCardHandMoreThan17" class="BankTest" classname="BankTest" file="/home/martin/dbwebb-kurser/mvc/me/report/tests/Cards/BankTest.php" line="34" assertions="1" time="0.002922">
          <system-out>[A‚ô•][2‚ô•][3‚ô•][4‚ô•][5‚ô•][6‚ô•][7‚ô•][8‚ô•][9‚ô•][10‚ô•][J‚ô•][Q‚ô•][K‚ô•][A‚ô£][2‚ô£][3‚ô£][4‚ô£][5‚ô£][6‚ô£][7‚ô£][8‚ô£][9‚ô£][10‚ô£][J‚ô£][Q‚ô£][K‚ô£][A‚ô¶][2‚ô¶][3‚ô¶][4‚ô¶][5‚ô¶][6‚ô¶][7‚ô¶][8‚ô¶][9‚ô¶][10‚ô¶][J‚ô¶][Q‚ô¶][K‚ô¶][A‚ô†][2‚ô†][3‚ô†][4‚ô†][5‚ô†][6‚ô†][7‚ô†][8‚ô†][9‚ô†][10‚ô†][J‚ô†][Q‚ô†][K‚ô†][5‚ô†][K‚ô†]</system-out>
        </testcase>
      </testsuite>
      <testsuite name="CardHandTest" file="/home/martin/dbwebb-kurser/mvc/me/report/tests/Cards/CardHandTest.php" tests="4" assertions="4" errors="0" warnings="0" failures="0" skipped="0" time="0.006157">
        <testcase name="testGetCardStrings" class="CardHandTest" classname="CardHandTest" file="/home/martin/dbwebb-kurser/mvc/me/report/tests/Cards/CardHandTest.php" line="10" assertions="1" time="0.001315">
          <system-out>[A‚ô†][3‚ô•]</system-out>
        </testcase>
        <testcase name="testGetTotalPoints" class="CardHandTest" classname="CardHandTest" file="/home/martin/dbwebb-kurser/mvc/me/report/tests/Cards/CardHandTest.php" line="23" assertions="1" time="0.000676">
          <system-out>[K‚ô•][Q‚ô¶][5‚ô£]</system-out>
        </testcase>
        <testcase name="testAddCard" class="CardHandTest" classname="CardHandTest" file="/home/martin/dbwebb-kurser/mvc/me/report/tests/Cards/CardHandTest.php" line="37" assertions="1" time="0.000528">
          <system-out>[A‚ô†][K‚ô•]</system-out>
        </testcase>
        <testcase name="testInvalidCard" class="CardHandTest" classname="CardHandTest" file="/home/martin/dbwebb-kurser/mvc/me/report/tests/Cards/CardHandTest.php" line="51" assertions="1" time="0.003639">
          <system-out>[A‚ô†]</system-out>
        </testcase>
      </testsuite>
      <testsuite name="App\Cards\CardTest" file="/home/martin/dbwebb-kurser/mvc/me/report/tests/Cards/CardTest.php" tests="5" assertions="5" errors="0" warnings="0" failures="0" skipped="0" time="0.004837">
        <testcase name="testValidCard" class="App\Cards\CardTest" classname="App.Cards.CardTest" file="/home/martin/dbwebb-kurser/mvc/me/report/tests/Cards/CardTest.php" line="18" assertions="1" time="0.001865">
          <system-out>[2‚ô•]</system-out>
        </testcase>
        <testcase name="testInvalidSuit" class="App\Cards\CardTest" classname="App.Cards.CardTest" file="/home/martin/dbwebb-kurser/mvc/me/report/tests/Cards/CardTest.php" line="28" assertions="1" time="0.000487"/>
        <testcase name="testInvalidValue" class="App\Cards\CardTest" classname="App.Cards.CardTest" file="/home/martin/dbwebb-kurser/mvc/me/report/tests/Cards/CardTest.php" line="38" assertions="1" time="0.001215"/>
        <testcase name="testGetCardString" class="App\Cards\CardTest" classname="App.Cards.CardTest" file="/home/martin/dbwebb-kurser/mvc/me/report/tests/Cards/CardTest.php" line="47" assertions="1" time="0.000663">
          <system-out>[J‚ô£]</system-out>
        </testcase>
        <testcase name="testSetPoints" class="App\Cards\CardTest" classname="App.Cards.CardTest" file="/home/martin/dbwebb-kurser/mvc/me/report/tests/Cards/CardTest.php" line="56" assertions="1" time="0.000608">
          <system-out>[4‚ô¶]</system-out>
        </testcase>
      </testsuite>
      <testsuite name="App\Cards\DeckOfCardsTest" file="/home/martin/dbwebb-kurser/mvc/me/report/tests/Cards/DeckOfCardsTest.php" tests="4" assertions="5" errors="0" warnings="0" failures="0" skipped="0" time="0.021446">
        <testcase name="testGetCardStrings" class="App\Cards\DeckOfCardsTest" classname="App.Cards.DeckOfCardsTest" file="/home/martin/dbwebb-kurser/mvc/me/report/tests/Cards/DeckOfCardsTest.php" line="10" assertions="1" time="0.001855">
          <system-out>[A‚ô•][2‚ô•][3‚ô•][4‚ô•][5‚ô•][6‚ô•][7‚ô•][8‚ô•][9‚ô•][10‚ô•][J‚ô•][Q‚ô•][K‚ô•][A‚ô£][2‚ô£][3‚ô£][4‚ô£][5‚ô£][6‚ô£][7‚ô£][8‚ô£][9‚ô£][10‚ô£][J‚ô£][Q‚ô£][K‚ô£][A‚ô¶][2‚ô¶][3‚ô¶][4‚ô¶][5‚ô¶][6‚ô¶][7‚ô¶][8‚ô¶][9‚ô¶][10‚ô¶][J‚ô¶][Q‚ô¶][K‚ô¶][A‚ô†][2‚ô†][3‚ô†][4‚ô†][5‚ô†][6‚ô†][7‚ô†][8‚ô†][9‚ô†][10‚ô†][J‚ô†][Q‚ô†][K‚ô†]</system-out>
        </testcase>
        <testcase name="testShuffleDeck" class="App\Cards\DeckOfCardsTest" classname="App.Cards.DeckOfCardsTest" file="/home/martin/dbwebb-kurser/mvc/me/report/tests/Cards/DeckOfCardsTest.php" line="17" assertions="1" time="0.016635">
          <system-out>[A‚ô•][2‚ô•][3‚ô•][4‚ô•][5‚ô•][6‚ô•][7‚ô•][8‚ô•][9‚ô•][10‚ô•][J‚ô•][Q‚ô•][K‚ô•][A‚ô£][2‚ô£][3‚ô£][4‚ô£][5‚ô£][6‚ô£][7‚ô£][8‚ô£][9‚ô£][10‚ô£][J‚ô£][Q‚ô£][K‚ô£][A‚ô¶][2‚ô¶][3‚ô¶][4‚ô¶][5‚ô¶][6‚ô¶][7‚ô¶][8‚ô¶][9‚ô¶][10‚ô¶][J‚ô¶][Q‚ô¶][K‚ô¶][A‚ô†][2‚ô†][3‚ô†][4‚ô†][5‚ô†][6‚ô†][7‚ô†][8‚ô†][9‚ô†][10‚ô†][J‚ô†][Q‚ô†][K‚ô†]</system-out>
        </testcase>
        <testcase name="testGetNumCards" class="App\Cards\DeckOfCardsTest" classname="App.Cards.DeckOfCardsTest" file="/home/martin/dbwebb-kurser/mvc/me/report/tests/Cards/DeckOfCardsTest.php" line="28" assertions="1" time="0.001472">
          <system-out>[A‚ô•][2‚ô•][3‚ô•][4‚ô•][5‚ô•][6‚ô•][7‚ô•][8‚ô•][9‚ô•][10‚ô•][J‚ô•][Q‚ô•][K‚ô•][A‚ô£][2‚ô£][3‚ô£][4‚ô£][5‚ô£][6‚ô£][7‚ô£][8‚ô£][9‚ô£][10‚ô£][J‚ô£][Q‚ô£][K‚ô£][A‚ô¶][2‚ô¶][3‚ô¶][4‚ô¶][5‚ô¶][6‚ô¶][7‚ô¶][8‚ô¶][9‚ô¶][10‚ô¶][J‚ô¶][Q‚ô¶][K‚ô¶][A‚ô†][2‚ô†][3‚ô†][4‚ô†][5‚ô†][6‚ô†][7‚ô†][8‚ô†][9‚ô†][10‚ô†][J‚ô†][Q‚ô†][K‚ô†]</system-out>
        </testcase>
        <testcase name="testDrawCards" class="App\Cards\DeckOfCardsTest" classname="App.Cards.DeckOfCardsTest" file="/home/martin/dbwebb-kurser/mvc/me/report/tests/Cards/DeckOfCardsTest.php" line="36" assertions="2" time="0.001484">
          <system-out>[A‚ô•][2‚ô•][3‚ô•][4‚ô•][5‚ô•][6‚ô•][7‚ô•][8‚ô•][9‚ô•][10‚ô•][J‚ô•][Q‚ô•][K‚ô•][A‚ô£][2‚ô£][3‚ô£][4‚ô£][5‚ô£][6‚ô£][7‚ô£][8‚ô£][9‚ô£][10‚ô£][J‚ô£][Q‚ô£][K‚ô£][A‚ô¶][2‚ô¶][3‚ô¶][4‚ô¶][5‚ô¶][6‚ô¶][7‚ô¶][8‚ô¶][9‚ô¶][10‚ô¶][J‚ô¶][Q‚ô¶][K‚ô¶][A‚ô†][2‚ô†][3‚ô†][4‚ô†][5‚ô†][6‚ô†][7‚ô†][8‚ô†][9‚ô†][10‚ô†][J‚ô†][Q‚ô†][K‚ô†]</system-out>
        </testcase>
      </testsuite>
      <testsuite name="JokerDeckOfCardsTest" file="/home/martin/dbwebb-kurser/mvc/me/report/tests/Cards/JokerDeckOfCardsTest.php" tests="2" assertions="8" errors="0" warnings="0" failures="0" skipped="0" time="0.004363">
        <testcase name="testConstructorWithDefaultNumJokers" class="JokerDeckOfCardsTest" classname="JokerDeckOfCardsTest" file="/home/martin/dbwebb-kurser/mvc/me/report/tests/Cards/JokerDeckOfCardsTest.php" line="9" assertions="3" time="0.003122">
          <system-out>[A‚ô•][2‚ô•][3‚ô•][4‚ô•][5‚ô•][6‚ô•][7‚ô•][8‚ô•][9‚ô•][10‚ô•][J‚ô•][Q‚ô•][K‚ô•][A‚ô£][2‚ô£][3‚ô£][4‚ô£][5‚ô£][6‚ô£][7‚ô£][8‚ô£][9‚ô£][10‚ô£][J‚ô£][Q‚ô£][K‚ô£][A‚ô¶][2‚ô¶][3‚ô¶][4‚ô¶][5‚ô¶][6‚ô¶][7‚ô¶][8‚ô¶][9‚ô¶][10‚ô¶][J‚ô¶][Q‚ô¶][K‚ô¶][A‚ô†][2‚ô†][3‚ô†][4‚ô†][5‚ô†][6‚ô†][7‚ô†][8‚ô†][9‚ô†][10‚ô†][J‚ô†][Q‚ô†][K‚ô†][üÉè][üÉè]</system-out>
        </testcase>
        <testcase name="testConstructorWithCustomNumJokers" class="JokerDeckOfCardsTest" classname="JokerDeckOfCardsTest" file="/home/martin/dbwebb-kurser/mvc/me/report/tests/Cards/JokerDeckOfCardsTest.php" line="21" assertions="5" time="0.001240">
          <system-out>[A‚ô•][2‚ô•][3‚ô•][4‚ô•][5‚ô•][6‚ô•][7‚ô•][8‚ô•][9‚ô•][10‚ô•][J‚ô•][Q‚ô•][K‚ô•][A‚ô£][2‚ô£][3‚ô£][4‚ô£][5‚ô£][6‚ô£][7‚ô£][8‚ô£][9‚ô£][10‚ô£][J‚ô£][Q‚ô£][K‚ô£][A‚ô¶][2‚ô¶][3‚ô¶][4‚ô¶][5‚ô¶][6‚ô¶][7‚ô¶][8‚ô¶][9‚ô¶][10‚ô¶][J‚ô¶][Q‚ô¶][K‚ô¶][A‚ô†][2‚ô†][3‚ô†][4‚ô†][5‚ô†][6‚ô†][7‚ô†][8‚ô†][9‚ô†][10‚ô†][J‚ô†][Q‚ô†][K‚ô†][üÉè][üÉè][üÉè][üÉè]</system-out>
        </testcase>
      </testsuite>
      <testsuite name="PlayerTest" file="/home/martin/dbwebb-kurser/mvc/me/report/tests/Cards/PlayerTest.php" tests="3" assertions="7" errors="0" warnings="0" failures="0" skipped="0" time="0.002734">
        <testcase name="testReset" class="PlayerTest" classname="PlayerTest" file="/home/martin/dbwebb-kurser/mvc/me/report/tests/Cards/PlayerTest.php" line="10" assertions="3" time="0.000888"/>
        <testcase name="testStopPlaying" class="PlayerTest" classname="PlayerTest" file="/home/martin/dbwebb-kurser/mvc/me/report/tests/Cards/PlayerTest.php" line="22" assertions="2" time="0.001280"/>
        <testcase name="testAddCard" class="PlayerTest" classname="PlayerTest" file="/home/martin/dbwebb-kurser/mvc/me/report/tests/Cards/PlayerTest.php" line="33" assertions="2" time="0.000566">
          <system-out>[A‚ô†]</system-out>
        </testcase>
      </testsuite>
      <testsuite name="App\Cards\TwentyOneGameTest" file="/home/martin/dbwebb-kurser/mvc/me/report/tests/Cards/TwentyOneGameTest.php" tests="9" assertions="26" errors="0" warnings="0" failures="0" skipped="0" time="0.020749">
        <testcase name="testPlayGameGameIsOver" class="App\Cards\TwentyOneGameTest" classname="App.Cards.TwentyOneGameTest" file="/home/martin/dbwebb-kurser/mvc/me/report/tests/Cards/TwentyOneGameTest.php" line="14" assertions="5" time="0.003156">
          <system-out>[A‚ô•][2‚ô•][3‚ô•][4‚ô•][5‚ô•][6‚ô•][7‚ô•][8‚ô•][9‚ô•][10‚ô•][J‚ô•][Q‚ô•][K‚ô•][A‚ô£][2‚ô£][3‚ô£][4‚ô£][5‚ô£][6‚ô£][7‚ô£][8‚ô£][9‚ô£][10‚ô£][J‚ô£][Q‚ô£][K‚ô£][A‚ô¶][2‚ô¶][3‚ô¶][4‚ô¶][5‚ô¶][6‚ô¶][7‚ô¶][8‚ô¶][9‚ô¶][10‚ô¶][J‚ô¶][Q‚ô¶][K‚ô¶][A‚ô†][2‚ô†][3‚ô†][4‚ô†][5‚ô†][6‚ô†][7‚ô†][8‚ô†][9‚ô†][10‚ô†][J‚ô†][Q‚ô†][K‚ô†]</system-out>
        </testcase>
        <testcase name="testPlayGamePlayerBusts" class="App\Cards\TwentyOneGameTest" classname="App.Cards.TwentyOneGameTest" file="/home/martin/dbwebb-kurser/mvc/me/report/tests/Cards/TwentyOneGameTest.php" line="35" assertions="5" time="0.001461">
          <system-out>[A‚ô•][2‚ô•][3‚ô•][4‚ô•][5‚ô•][6‚ô•][7‚ô•][8‚ô•][9‚ô•][10‚ô•][J‚ô•][Q‚ô•][K‚ô•][A‚ô£][2‚ô£][3‚ô£][4‚ô£][5‚ô£][6‚ô£][7‚ô£][8‚ô£][9‚ô£][10‚ô£][J‚ô£][Q‚ô£][K‚ô£][A‚ô¶][2‚ô¶][3‚ô¶][4‚ô¶][5‚ô¶][6‚ô¶][7‚ô¶][8‚ô¶][9‚ô¶][10‚ô¶][J‚ô¶][Q‚ô¶][K‚ô¶][A‚ô†][2‚ô†][3‚ô†][4‚ô†][5‚ô†][6‚ô†][7‚ô†][8‚ô†][9‚ô†][10‚ô†][J‚ô†][Q‚ô†][K‚ô†][K‚ô†][K‚ô†]</system-out>
        </testcase>
        <testcase name="testPlayGamePlayerIsPlaying" class="App\Cards\TwentyOneGameTest" classname="App.Cards.TwentyOneGameTest" file="/home/martin/dbwebb-kurser/mvc/me/report/tests/Cards/TwentyOneGameTest.php" line="55" assertions="1" time="0.001500">
          <system-out>[A‚ô•][2‚ô•][3‚ô•][4‚ô•][5‚ô•][6‚ô•][7‚ô•][8‚ô•][9‚ô•][10‚ô•][J‚ô•][Q‚ô•][K‚ô•][A‚ô£][2‚ô£][3‚ô£][4‚ô£][5‚ô£][6‚ô£][7‚ô£][8‚ô£][9‚ô£][10‚ô£][J‚ô£][Q‚ô£][K‚ô£][A‚ô¶][2‚ô¶][3‚ô¶][4‚ô¶][5‚ô¶][6‚ô¶][7‚ô¶][8‚ô¶][9‚ô¶][10‚ô¶][J‚ô¶][Q‚ô¶][K‚ô¶][A‚ô†][2‚ô†][3‚ô†][4‚ô†][5‚ô†][6‚ô†][7‚ô†][8‚ô†][9‚ô†][10‚ô†][J‚ô†][Q‚ô†][K‚ô†]</system-out>
        </testcase>
        <testcase name="testPlayGameBankBusts" class="App\Cards\TwentyOneGameTest" classname="App.Cards.TwentyOneGameTest" file="/home/martin/dbwebb-kurser/mvc/me/report/tests/Cards/TwentyOneGameTest.php" line="67" assertions="4" time="0.001829">
          <system-out>[A‚ô•][2‚ô•][3‚ô•][4‚ô•][5‚ô•][6‚ô•][7‚ô•][8‚ô•][9‚ô•][10‚ô•][J‚ô•][Q‚ô•][K‚ô•][A‚ô£][2‚ô£][3‚ô£][4‚ô£][5‚ô£][6‚ô£][7‚ô£][8‚ô£][9‚ô£][10‚ô£][J‚ô£][Q‚ô£][K‚ô£][A‚ô¶][2‚ô¶][3‚ô¶][4‚ô¶][5‚ô¶][6‚ô¶][7‚ô¶][8‚ô¶][9‚ô¶][10‚ô¶][J‚ô¶][Q‚ô¶][K‚ô¶][A‚ô†][2‚ô†][3‚ô†][4‚ô†][5‚ô†][6‚ô†][7‚ô†][8‚ô†][9‚ô†][10‚ô†][J‚ô†][Q‚ô†][K‚ô†][K‚ô†][8‚ô†][K‚ô†][K‚ô†]</system-out>
        </testcase>
        <testcase name="testPlayGameBankWins" class="App\Cards\TwentyOneGameTest" classname="App.Cards.TwentyOneGameTest" file="/home/martin/dbwebb-kurser/mvc/me/report/tests/Cards/TwentyOneGameTest.php" line="90" assertions="4" time="0.003664">
          <system-out>[A‚ô•][2‚ô•][3‚ô•][4‚ô•][5‚ô•][6‚ô•][7‚ô•][8‚ô•][9‚ô•][10‚ô•][J‚ô•][Q‚ô•][K‚ô•][A‚ô£][2‚ô£][3‚ô£][4‚ô£][5‚ô£][6‚ô£][7‚ô£][8‚ô£][9‚ô£][10‚ô£][J‚ô£][Q‚ô£][K‚ô£][A‚ô¶][2‚ô¶][3‚ô¶][4‚ô¶][5‚ô¶][6‚ô¶][7‚ô¶][8‚ô¶][9‚ô¶][10‚ô¶][J‚ô¶][Q‚ô¶][K‚ô¶][A‚ô†][2‚ô†][3‚ô†][4‚ô†][5‚ô†][6‚ô†][7‚ô†][8‚ô†][9‚ô†][10‚ô†][J‚ô†][Q‚ô†][K‚ô†][10‚ô†][8‚ô†][J‚ô†][10‚ô†]</system-out>
        </testcase>
        <testcase name="testPlayGamePlayerWins" class="App\Cards\TwentyOneGameTest" classname="App.Cards.TwentyOneGameTest" file="/home/martin/dbwebb-kurser/mvc/me/report/tests/Cards/TwentyOneGameTest.php" line="113" assertions="4" time="0.002176">
          <system-out>[A‚ô•][2‚ô•][3‚ô•][4‚ô•][5‚ô•][6‚ô•][7‚ô•][8‚ô•][9‚ô•][10‚ô•][J‚ô•][Q‚ô•][K‚ô•][A‚ô£][2‚ô£][3‚ô£][4‚ô£][5‚ô£][6‚ô£][7‚ô£][8‚ô£][9‚ô£][10‚ô£][J‚ô£][Q‚ô£][K‚ô£][A‚ô¶][2‚ô¶][3‚ô¶][4‚ô¶][5‚ô¶][6‚ô¶][7‚ô¶][8‚ô¶][9‚ô¶][10‚ô¶][J‚ô¶][Q‚ô¶][K‚ô¶][A‚ô†][2‚ô†][3‚ô†][4‚ô†][5‚ô†][6‚ô†][7‚ô†][8‚ô†][9‚ô†][10‚ô†][J‚ô†][Q‚ô†][K‚ô†][10‚ô†][8‚ô†][10‚ô†][7‚ô†]</system-out>
        </testcase>
        <testcase name="testGetGameState" class="App\Cards\TwentyOneGameTest" classname="App.Cards.TwentyOneGameTest" file="/home/martin/dbwebb-kurser/mvc/me/report/tests/Cards/TwentyOneGameTest.php" line="136" assertions="1" time="0.002650">
          <system-out>[A‚ô•][2‚ô•][3‚ô•][4‚ô•][5‚ô•][6‚ô•][7‚ô•][8‚ô•][9‚ô•][10‚ô•][J‚ô•][Q‚ô•][K‚ô•][A‚ô£][2‚ô£][3‚ô£][4‚ô£][5‚ô£][6‚ô£][7‚ô£][8‚ô£][9‚ô£][10‚ô£][J‚ô£][Q‚ô£][K‚ô£][A‚ô¶][2‚ô¶][3‚ô¶][4‚ô¶][5‚ô¶][6‚ô¶][7‚ô¶][8‚ô¶][9‚ô¶][10‚ô¶][J‚ô¶][Q‚ô¶][K‚ô¶][A‚ô†][2‚ô†][3‚ô†][4‚ô†][5‚ô†][6‚ô†][7‚ô†][8‚ô†][9‚ô†][10‚ô†][J‚ô†][Q‚ô†][K‚ô†]</system-out>
        </testcase>
        <testcase name="testStopPlayerPlaying" class="App\Cards\TwentyOneGameTest" classname="App.Cards.TwentyOneGameTest" file="/home/martin/dbwebb-kurser/mvc/me/report/tests/Cards/TwentyOneGameTest.php" line="148" assertions="1" time="0.002591">
          <system-out>[A‚ô•][2‚ô•][3‚ô•][4‚ô•][5‚ô•][6‚ô•][7‚ô•][8‚ô•][9‚ô•][10‚ô•][J‚ô•][Q‚ô•][K‚ô•][A‚ô£][2‚ô£][3‚ô£][4‚ô£][5‚ô£][6‚ô£][7‚ô£][8‚ô£][9‚ô£][10‚ô£][J‚ô£][Q‚ô£][K‚ô£][A‚ô¶][2‚ô¶][3‚ô¶][4‚ô¶][5‚ô¶][6‚ô¶][7‚ô¶][8‚ô¶][9‚ô¶][10‚ô¶][J‚ô¶][Q‚ô¶][K‚ô¶][A‚ô†][2‚ô†][3‚ô†][4‚ô†][5‚ô†][6‚ô†][7‚ô†][8‚ô†][9‚ô†][10‚ô†][J‚ô†][Q‚ô†][K‚ô†]</system-out>
        </testcase>
        <testcase name="testGetMessage" class="App\Cards\TwentyOneGameTest" classname="App.Cards.TwentyOneGameTest" file="/home/martin/dbwebb-kurser/mvc/me/report/tests/Cards/TwentyOneGameTest.php" line="160" assertions="1" time="0.001722">
          <system-out>[A‚ô•][2‚ô•][3‚ô•][4‚ô•][5‚ô•][6‚ô•][7‚ô•][8‚ô•][9‚ô•][10‚ô•][J‚ô•][Q‚ô•][K‚ô•][A‚ô£][2‚ô£][3‚ô£][4‚ô£][5‚ô£][6‚ô£][7‚ô£][8‚ô£][9‚ô£][10‚ô£][J‚ô£][Q‚ô£][K‚ô£][A‚ô¶][2‚ô¶][3‚ô¶][4‚ô¶][5‚ô¶][6‚ô¶][7‚ô¶][8‚ô¶][9‚ô¶][10‚ô¶][J‚ô¶][Q‚ô¶][K‚ô¶][A‚ô†][2‚ô†][3‚ô†][4‚ô†][5‚ô†][6‚ô†][7‚ô†][8‚ô†][9‚ô†][10‚ô†][J‚ô†][Q‚ô†][K‚ô†]</system-out>
        </testcase>
      </testsuite>
    </testsuite>
  </testsuite>
</testsuites>
