<?xml version="1.0" encoding="UTF-8"?>
<testsuites>
  <testsuite name="" tests="38" assertions="76" errors="0" warnings="0" failures="0" skipped="0" time="0.690474">
    <testsuite name="Project Test Suite" tests="38" assertions="76" errors="0" warnings="0" failures="0" skipped="0" time="0.690474">
      <testsuite name="BankTest" file="/home/martin/dbwebb-kurser/mvc/me/report/tests/Cards/BankTest.php" tests="3" assertions="3" errors="0" warnings="0" failures="0" skipped="0" time="0.024017">
        <testcase name="testPlayAndReturnPointsNotPlaying" class="BankTest" classname="BankTest" file="/home/martin/dbwebb-kurser/mvc/me/report/tests/Cards/BankTest.php" line="11" assertions="1" time="0.021674">
          <system-out>[A‚ô•][2‚ô•][3‚ô•][4‚ô•][5‚ô•][6‚ô•][7‚ô•][8‚ô•][9‚ô•][10‚ô•][J‚ô•][Q‚ô•][K‚ô•][A‚ô£][2‚ô£][3‚ô£][4‚ô£][5‚ô£][6‚ô£][7‚ô£][8‚ô£][9‚ô£][10‚ô£][J‚ô£][Q‚ô£][K‚ô£][A‚ô¶][2‚ô¶][3‚ô¶][4‚ô¶][5‚ô¶][6‚ô¶][7‚ô¶][8‚ô¶][9‚ô¶][10‚ô¶][J‚ô¶][Q‚ô¶][K‚ô¶][A‚ô†][2‚ô†][3‚ô†][4‚ô†][5‚ô†][6‚ô†][7‚ô†][8‚ô†][9‚ô†][10‚ô†][J‚ô†][Q‚ô†][K‚ô†][A‚ô†][K‚ô†]</system-out>
        </testcase>
        <testcase name="testPlayAndReturnPointsCardHandLessThan17" class="BankTest" classname="BankTest" file="/home/martin/dbwebb-kurser/mvc/me/report/tests/Cards/BankTest.php" line="23" assertions="1" time="0.001445">
          <system-out>[A‚ô•][2‚ô•][3‚ô•][4‚ô•][5‚ô•][6‚ô•][7‚ô•][8‚ô•][9‚ô•][10‚ô•][J‚ô•][Q‚ô•][K‚ô•][A‚ô£][2‚ô£][3‚ô£][4‚ô£][5‚ô£][6‚ô£][7‚ô£][8‚ô£][9‚ô£][10‚ô£][J‚ô£][Q‚ô£][K‚ô£][A‚ô¶][2‚ô¶][3‚ô¶][4‚ô¶][5‚ô¶][6‚ô¶][7‚ô¶][8‚ô¶][9‚ô¶][10‚ô¶][J‚ô¶][Q‚ô¶][K‚ô¶][A‚ô†][2‚ô†][3‚ô†][4‚ô†][5‚ô†][6‚ô†][7‚ô†][8‚ô†][9‚ô†][10‚ô†][J‚ô†][Q‚ô†][K‚ô†][A‚ô†][K‚ô†]</system-out>
        </testcase>
        <testcase name="testPlayAndReturnPointsCardHandMoreThan17" class="BankTest" classname="BankTest" file="/home/martin/dbwebb-kurser/mvc/me/report/tests/Cards/BankTest.php" line="34" assertions="1" time="0.000898">
          <system-out>[A‚ô•][2‚ô•][3‚ô•][4‚ô•][5‚ô•][6‚ô•][7‚ô•][8‚ô•][9‚ô•][10‚ô•][J‚ô•][Q‚ô•][K‚ô•][A‚ô£][2‚ô£][3‚ô£][4‚ô£][5‚ô£][6‚ô£][7‚ô£][8‚ô£][9‚ô£][10‚ô£][J‚ô£][Q‚ô£][K‚ô£][A‚ô¶][2‚ô¶][3‚ô¶][4‚ô¶][5‚ô¶][6‚ô¶][7‚ô¶][8‚ô¶][9‚ô¶][10‚ô¶][J‚ô¶][Q‚ô¶][K‚ô¶][A‚ô†][2‚ô†][3‚ô†][4‚ô†][5‚ô†][6‚ô†][7‚ô†][8‚ô†][9‚ô†][10‚ô†][J‚ô†][Q‚ô†][K‚ô†][5‚ô†][K‚ô†]</system-out>
        </testcase>
      </testsuite>
      <testsuite name="CardHandTest" file="/home/martin/dbwebb-kurser/mvc/me/report/tests/Cards/CardHandTest.php" tests="4" assertions="4" errors="0" warnings="0" failures="0" skipped="0" time="0.003057">
        <testcase name="testGetCardStrings" class="CardHandTest" classname="CardHandTest" file="/home/martin/dbwebb-kurser/mvc/me/report/tests/Cards/CardHandTest.php" line="10" assertions="1" time="0.000439">
          <system-out>[A‚ô†][3‚ô•]</system-out>
        </testcase>
        <testcase name="testGetTotalPoints" class="CardHandTest" classname="CardHandTest" file="/home/martin/dbwebb-kurser/mvc/me/report/tests/Cards/CardHandTest.php" line="23" assertions="1" time="0.000448">
          <system-out>[K‚ô•][Q‚ô¶][5‚ô£]</system-out>
        </testcase>
        <testcase name="testAddCard" class="CardHandTest" classname="CardHandTest" file="/home/martin/dbwebb-kurser/mvc/me/report/tests/Cards/CardHandTest.php" line="37" assertions="1" time="0.000476">
          <system-out>[A‚ô†][K‚ô•]</system-out>
        </testcase>
        <testcase name="testInvalidCard" class="CardHandTest" classname="CardHandTest" file="/home/martin/dbwebb-kurser/mvc/me/report/tests/Cards/CardHandTest.php" line="51" assertions="1" time="0.001694">
          <system-out>[A‚ô†]</system-out>
        </testcase>
      </testsuite>
      <testsuite name="App\Cards\CardTest" file="/home/martin/dbwebb-kurser/mvc/me/report/tests/Cards/CardTest.php" tests="5" assertions="5" errors="0" warnings="0" failures="0" skipped="0" time="0.003358">
        <testcase name="testValidCard" class="App\Cards\CardTest" classname="App.Cards.CardTest" file="/home/martin/dbwebb-kurser/mvc/me/report/tests/Cards/CardTest.php" line="18" assertions="1" time="0.001348">
          <system-out>[2‚ô•]</system-out>
        </testcase>
        <testcase name="testInvalidSuit" class="App\Cards\CardTest" classname="App.Cards.CardTest" file="/home/martin/dbwebb-kurser/mvc/me/report/tests/Cards/CardTest.php" line="28" assertions="1" time="0.000528"/>
        <testcase name="testInvalidValue" class="App\Cards\CardTest" classname="App.Cards.CardTest" file="/home/martin/dbwebb-kurser/mvc/me/report/tests/Cards/CardTest.php" line="38" assertions="1" time="0.000469"/>
        <testcase name="testGetCardString" class="App\Cards\CardTest" classname="App.Cards.CardTest" file="/home/martin/dbwebb-kurser/mvc/me/report/tests/Cards/CardTest.php" line="47" assertions="1" time="0.000463">
          <system-out>[J‚ô£]</system-out>
        </testcase>
        <testcase name="testSetPoints" class="App\Cards\CardTest" classname="App.Cards.CardTest" file="/home/martin/dbwebb-kurser/mvc/me/report/tests/Cards/CardTest.php" line="56" assertions="1" time="0.000550">
          <system-out>[4‚ô¶]</system-out>
        </testcase>
      </testsuite>
      <testsuite name="App\Cards\DeckOfCardsTest" file="/home/martin/dbwebb-kurser/mvc/me/report/tests/Cards/DeckOfCardsTest.php" tests="4" assertions="5" errors="0" warnings="0" failures="0" skipped="0" time="0.016285">
        <testcase name="testGetCardStrings" class="App\Cards\DeckOfCardsTest" classname="App.Cards.DeckOfCardsTest" file="/home/martin/dbwebb-kurser/mvc/me/report/tests/Cards/DeckOfCardsTest.php" line="10" assertions="1" time="0.002238">
          <system-out>[A‚ô•][2‚ô•][3‚ô•][4‚ô•][5‚ô•][6‚ô•][7‚ô•][8‚ô•][9‚ô•][10‚ô•][J‚ô•][Q‚ô•][K‚ô•][A‚ô£][2‚ô£][3‚ô£][4‚ô£][5‚ô£][6‚ô£][7‚ô£][8‚ô£][9‚ô£][10‚ô£][J‚ô£][Q‚ô£][K‚ô£][A‚ô¶][2‚ô¶][3‚ô¶][4‚ô¶][5‚ô¶][6‚ô¶][7‚ô¶][8‚ô¶][9‚ô¶][10‚ô¶][J‚ô¶][Q‚ô¶][K‚ô¶][A‚ô†][2‚ô†][3‚ô†][4‚ô†][5‚ô†][6‚ô†][7‚ô†][8‚ô†][9‚ô†][10‚ô†][J‚ô†][Q‚ô†][K‚ô†]</system-out>
        </testcase>
        <testcase name="testShuffleDeck" class="App\Cards\DeckOfCardsTest" classname="App.Cards.DeckOfCardsTest" file="/home/martin/dbwebb-kurser/mvc/me/report/tests/Cards/DeckOfCardsTest.php" line="17" assertions="1" time="0.011171">
          <system-out>[A‚ô•][2‚ô•][3‚ô•][4‚ô•][5‚ô•][6‚ô•][7‚ô•][8‚ô•][9‚ô•][10‚ô•][J‚ô•][Q‚ô•][K‚ô•][A‚ô£][2‚ô£][3‚ô£][4‚ô£][5‚ô£][6‚ô£][7‚ô£][8‚ô£][9‚ô£][10‚ô£][J‚ô£][Q‚ô£][K‚ô£][A‚ô¶][2‚ô¶][3‚ô¶][4‚ô¶][5‚ô¶][6‚ô¶][7‚ô¶][8‚ô¶][9‚ô¶][10‚ô¶][J‚ô¶][Q‚ô¶][K‚ô¶][A‚ô†][2‚ô†][3‚ô†][4‚ô†][5‚ô†][6‚ô†][7‚ô†][8‚ô†][9‚ô†][10‚ô†][J‚ô†][Q‚ô†][K‚ô†]</system-out>
        </testcase>
        <testcase name="testGetNumCards" class="App\Cards\DeckOfCardsTest" classname="App.Cards.DeckOfCardsTest" file="/home/martin/dbwebb-kurser/mvc/me/report/tests/Cards/DeckOfCardsTest.php" line="28" assertions="1" time="0.001524">
          <system-out>[A‚ô•][2‚ô•][3‚ô•][4‚ô•][5‚ô•][6‚ô•][7‚ô•][8‚ô•][9‚ô•][10‚ô•][J‚ô•][Q‚ô•][K‚ô•][A‚ô£][2‚ô£][3‚ô£][4‚ô£][5‚ô£][6‚ô£][7‚ô£][8‚ô£][9‚ô£][10‚ô£][J‚ô£][Q‚ô£][K‚ô£][A‚ô¶][2‚ô¶][3‚ô¶][4‚ô¶][5‚ô¶][6‚ô¶][7‚ô¶][8‚ô¶][9‚ô¶][10‚ô¶][J‚ô¶][Q‚ô¶][K‚ô¶][A‚ô†][2‚ô†][3‚ô†][4‚ô†][5‚ô†][6‚ô†][7‚ô†][8‚ô†][9‚ô†][10‚ô†][J‚ô†][Q‚ô†][K‚ô†]</system-out>
        </testcase>
        <testcase name="testDrawCards" class="App\Cards\DeckOfCardsTest" classname="App.Cards.DeckOfCardsTest" file="/home/martin/dbwebb-kurser/mvc/me/report/tests/Cards/DeckOfCardsTest.php" line="36" assertions="2" time="0.001352">
          <system-out>[A‚ô•][2‚ô•][3‚ô•][4‚ô•][5‚ô•][6‚ô•][7‚ô•][8‚ô•][9‚ô•][10‚ô•][J‚ô•][Q‚ô•][K‚ô•][A‚ô£][2‚ô£][3‚ô£][4‚ô£][5‚ô£][6‚ô£][7‚ô£][8‚ô£][9‚ô£][10‚ô£][J‚ô£][Q‚ô£][K‚ô£][A‚ô¶][2‚ô¶][3‚ô¶][4‚ô¶][5‚ô¶][6‚ô¶][7‚ô¶][8‚ô¶][9‚ô¶][10‚ô¶][J‚ô¶][Q‚ô¶][K‚ô¶][A‚ô†][2‚ô†][3‚ô†][4‚ô†][5‚ô†][6‚ô†][7‚ô†][8‚ô†][9‚ô†][10‚ô†][J‚ô†][Q‚ô†][K‚ô†]</system-out>
        </testcase>
      </testsuite>
      <testsuite name="JokerDeckOfCardsTest" file="/home/martin/dbwebb-kurser/mvc/me/report/tests/Cards/JokerDeckOfCardsTest.php" tests="2" assertions="8" errors="0" warnings="0" failures="0" skipped="0" time="0.003493">
        <testcase name="testConstructorWithDefaultNumJokers" class="JokerDeckOfCardsTest" classname="JokerDeckOfCardsTest" file="/home/martin/dbwebb-kurser/mvc/me/report/tests/Cards/JokerDeckOfCardsTest.php" line="9" assertions="3" time="0.001507">
          <system-out>[A‚ô•][2‚ô•][3‚ô•][4‚ô•][5‚ô•][6‚ô•][7‚ô•][8‚ô•][9‚ô•][10‚ô•][J‚ô•][Q‚ô•][K‚ô•][A‚ô£][2‚ô£][3‚ô£][4‚ô£][5‚ô£][6‚ô£][7‚ô£][8‚ô£][9‚ô£][10‚ô£][J‚ô£][Q‚ô£][K‚ô£][A‚ô¶][2‚ô¶][3‚ô¶][4‚ô¶][5‚ô¶][6‚ô¶][7‚ô¶][8‚ô¶][9‚ô¶][10‚ô¶][J‚ô¶][Q‚ô¶][K‚ô¶][A‚ô†][2‚ô†][3‚ô†][4‚ô†][5‚ô†][6‚ô†][7‚ô†][8‚ô†][9‚ô†][10‚ô†][J‚ô†][Q‚ô†][K‚ô†][üÉè][üÉè]</system-out>
        </testcase>
        <testcase name="testConstructorWithCustomNumJokers" class="JokerDeckOfCardsTest" classname="JokerDeckOfCardsTest" file="/home/martin/dbwebb-kurser/mvc/me/report/tests/Cards/JokerDeckOfCardsTest.php" line="21" assertions="5" time="0.001986">
          <system-out>[A‚ô•][2‚ô•][3‚ô•][4‚ô•][5‚ô•][6‚ô•][7‚ô•][8‚ô•][9‚ô•][10‚ô•][J‚ô•][Q‚ô•][K‚ô•][A‚ô£][2‚ô£][3‚ô£][4‚ô£][5‚ô£][6‚ô£][7‚ô£][8‚ô£][9‚ô£][10‚ô£][J‚ô£][Q‚ô£][K‚ô£][A‚ô¶][2‚ô¶][3‚ô¶][4‚ô¶][5‚ô¶][6‚ô¶][7‚ô¶][8‚ô¶][9‚ô¶][10‚ô¶][J‚ô¶][Q‚ô¶][K‚ô¶][A‚ô†][2‚ô†][3‚ô†][4‚ô†][5‚ô†][6‚ô†][7‚ô†][8‚ô†][9‚ô†][10‚ô†][J‚ô†][Q‚ô†][K‚ô†][üÉè][üÉè][üÉè][üÉè]</system-out>
        </testcase>
      </testsuite>
      <testsuite name="PlayerTest" file="/home/martin/dbwebb-kurser/mvc/me/report/tests/Cards/PlayerTest.php" tests="3" assertions="7" errors="0" warnings="0" failures="0" skipped="0" time="0.002765">
        <testcase name="testReset" class="PlayerTest" classname="PlayerTest" file="/home/martin/dbwebb-kurser/mvc/me/report/tests/Cards/PlayerTest.php" line="10" assertions="3" time="0.000893"/>
        <testcase name="testStopPlaying" class="PlayerTest" classname="PlayerTest" file="/home/martin/dbwebb-kurser/mvc/me/report/tests/Cards/PlayerTest.php" line="22" assertions="2" time="0.001127"/>
        <testcase name="testAddCard" class="PlayerTest" classname="PlayerTest" file="/home/martin/dbwebb-kurser/mvc/me/report/tests/Cards/PlayerTest.php" line="33" assertions="2" time="0.000745">
          <system-out>[A‚ô†]</system-out>
        </testcase>
      </testsuite>
      <testsuite name="App\Cards\TwentyOneGameTest" file="/home/martin/dbwebb-kurser/mvc/me/report/tests/Cards/TwentyOneGameTest.php" tests="9" assertions="26" errors="0" warnings="0" failures="0" skipped="0" time="0.016766">
        <testcase name="testPlayGameGameIsOver" class="App\Cards\TwentyOneGameTest" classname="App.Cards.TwentyOneGameTest" file="/home/martin/dbwebb-kurser/mvc/me/report/tests/Cards/TwentyOneGameTest.php" line="14" assertions="5" time="0.004732">
          <system-out>[A‚ô•][2‚ô•][3‚ô•][4‚ô•][5‚ô•][6‚ô•][7‚ô•][8‚ô•][9‚ô•][10‚ô•][J‚ô•][Q‚ô•][K‚ô•][A‚ô£][2‚ô£][3‚ô£][4‚ô£][5‚ô£][6‚ô£][7‚ô£][8‚ô£][9‚ô£][10‚ô£][J‚ô£][Q‚ô£][K‚ô£][A‚ô¶][2‚ô¶][3‚ô¶][4‚ô¶][5‚ô¶][6‚ô¶][7‚ô¶][8‚ô¶][9‚ô¶][10‚ô¶][J‚ô¶][Q‚ô¶][K‚ô¶][A‚ô†][2‚ô†][3‚ô†][4‚ô†][5‚ô†][6‚ô†][7‚ô†][8‚ô†][9‚ô†][10‚ô†][J‚ô†][Q‚ô†][K‚ô†]</system-out>
        </testcase>
        <testcase name="testPlayGamePlayerBusts" class="App\Cards\TwentyOneGameTest" classname="App.Cards.TwentyOneGameTest" file="/home/martin/dbwebb-kurser/mvc/me/report/tests/Cards/TwentyOneGameTest.php" line="35" assertions="5" time="0.001081">
          <system-out>[A‚ô•][2‚ô•][3‚ô•][4‚ô•][5‚ô•][6‚ô•][7‚ô•][8‚ô•][9‚ô•][10‚ô•][J‚ô•][Q‚ô•][K‚ô•][A‚ô£][2‚ô£][3‚ô£][4‚ô£][5‚ô£][6‚ô£][7‚ô£][8‚ô£][9‚ô£][10‚ô£][J‚ô£][Q‚ô£][K‚ô£][A‚ô¶][2‚ô¶][3‚ô¶][4‚ô¶][5‚ô¶][6‚ô¶][7‚ô¶][8‚ô¶][9‚ô¶][10‚ô¶][J‚ô¶][Q‚ô¶][K‚ô¶][A‚ô†][2‚ô†][3‚ô†][4‚ô†][5‚ô†][6‚ô†][7‚ô†][8‚ô†][9‚ô†][10‚ô†][J‚ô†][Q‚ô†][K‚ô†][K‚ô†][K‚ô†]</system-out>
        </testcase>
        <testcase name="testPlayGamePlayerIsPlaying" class="App\Cards\TwentyOneGameTest" classname="App.Cards.TwentyOneGameTest" file="/home/martin/dbwebb-kurser/mvc/me/report/tests/Cards/TwentyOneGameTest.php" line="55" assertions="1" time="0.001523">
          <system-out>[A‚ô•][2‚ô•][3‚ô•][4‚ô•][5‚ô•][6‚ô•][7‚ô•][8‚ô•][9‚ô•][10‚ô•][J‚ô•][Q‚ô•][K‚ô•][A‚ô£][2‚ô£][3‚ô£][4‚ô£][5‚ô£][6‚ô£][7‚ô£][8‚ô£][9‚ô£][10‚ô£][J‚ô£][Q‚ô£][K‚ô£][A‚ô¶][2‚ô¶][3‚ô¶][4‚ô¶][5‚ô¶][6‚ô¶][7‚ô¶][8‚ô¶][9‚ô¶][10‚ô¶][J‚ô¶][Q‚ô¶][K‚ô¶][A‚ô†][2‚ô†][3‚ô†][4‚ô†][5‚ô†][6‚ô†][7‚ô†][8‚ô†][9‚ô†][10‚ô†][J‚ô†][Q‚ô†][K‚ô†]</system-out>
        </testcase>
        <testcase name="testPlayGameBankBusts" class="App\Cards\TwentyOneGameTest" classname="App.Cards.TwentyOneGameTest" file="/home/martin/dbwebb-kurser/mvc/me/report/tests/Cards/TwentyOneGameTest.php" line="67" assertions="4" time="0.001248">
          <system-out>[A‚ô•][2‚ô•][3‚ô•][4‚ô•][5‚ô•][6‚ô•][7‚ô•][8‚ô•][9‚ô•][10‚ô•][J‚ô•][Q‚ô•][K‚ô•][A‚ô£][2‚ô£][3‚ô£][4‚ô£][5‚ô£][6‚ô£][7‚ô£][8‚ô£][9‚ô£][10‚ô£][J‚ô£][Q‚ô£][K‚ô£][A‚ô¶][2‚ô¶][3‚ô¶][4‚ô¶][5‚ô¶][6‚ô¶][7‚ô¶][8‚ô¶][9‚ô¶][10‚ô¶][J‚ô¶][Q‚ô¶][K‚ô¶][A‚ô†][2‚ô†][3‚ô†][4‚ô†][5‚ô†][6‚ô†][7‚ô†][8‚ô†][9‚ô†][10‚ô†][J‚ô†][Q‚ô†][K‚ô†][K‚ô†][8‚ô†][K‚ô†][K‚ô†]</system-out>
        </testcase>
        <testcase name="testPlayGameBankWins" class="App\Cards\TwentyOneGameTest" classname="App.Cards.TwentyOneGameTest" file="/home/martin/dbwebb-kurser/mvc/me/report/tests/Cards/TwentyOneGameTest.php" line="90" assertions="4" time="0.001194">
          <system-out>[A‚ô•][2‚ô•][3‚ô•][4‚ô•][5‚ô•][6‚ô•][7‚ô•][8‚ô•][9‚ô•][10‚ô•][J‚ô•][Q‚ô•][K‚ô•][A‚ô£][2‚ô£][3‚ô£][4‚ô£][5‚ô£][6‚ô£][7‚ô£][8‚ô£][9‚ô£][10‚ô£][J‚ô£][Q‚ô£][K‚ô£][A‚ô¶][2‚ô¶][3‚ô¶][4‚ô¶][5‚ô¶][6‚ô¶][7‚ô¶][8‚ô¶][9‚ô¶][10‚ô¶][J‚ô¶][Q‚ô¶][K‚ô¶][A‚ô†][2‚ô†][3‚ô†][4‚ô†][5‚ô†][6‚ô†][7‚ô†][8‚ô†][9‚ô†][10‚ô†][J‚ô†][Q‚ô†][K‚ô†][10‚ô†][8‚ô†][J‚ô†][10‚ô†]</system-out>
        </testcase>
        <testcase name="testPlayGamePlayerWins" class="App\Cards\TwentyOneGameTest" classname="App.Cards.TwentyOneGameTest" file="/home/martin/dbwebb-kurser/mvc/me/report/tests/Cards/TwentyOneGameTest.php" line="113" assertions="4" time="0.002344">
          <system-out>[A‚ô•][2‚ô•][3‚ô•][4‚ô•][5‚ô•][6‚ô•][7‚ô•][8‚ô•][9‚ô•][10‚ô•][J‚ô•][Q‚ô•][K‚ô•][A‚ô£][2‚ô£][3‚ô£][4‚ô£][5‚ô£][6‚ô£][7‚ô£][8‚ô£][9‚ô£][10‚ô£][J‚ô£][Q‚ô£][K‚ô£][A‚ô¶][2‚ô¶][3‚ô¶][4‚ô¶][5‚ô¶][6‚ô¶][7‚ô¶][8‚ô¶][9‚ô¶][10‚ô¶][J‚ô¶][Q‚ô¶][K‚ô¶][A‚ô†][2‚ô†][3‚ô†][4‚ô†][5‚ô†][6‚ô†][7‚ô†][8‚ô†][9‚ô†][10‚ô†][J‚ô†][Q‚ô†][K‚ô†][10‚ô†][8‚ô†][10‚ô†][7‚ô†]</system-out>
        </testcase>
        <testcase name="testGetGameState" class="App\Cards\TwentyOneGameTest" classname="App.Cards.TwentyOneGameTest" file="/home/martin/dbwebb-kurser/mvc/me/report/tests/Cards/TwentyOneGameTest.php" line="136" assertions="1" time="0.001571">
          <system-out>[A‚ô•][2‚ô•][3‚ô•][4‚ô•][5‚ô•][6‚ô•][7‚ô•][8‚ô•][9‚ô•][10‚ô•][J‚ô•][Q‚ô•][K‚ô•][A‚ô£][2‚ô£][3‚ô£][4‚ô£][5‚ô£][6‚ô£][7‚ô£][8‚ô£][9‚ô£][10‚ô£][J‚ô£][Q‚ô£][K‚ô£][A‚ô¶][2‚ô¶][3‚ô¶][4‚ô¶][5‚ô¶][6‚ô¶][7‚ô¶][8‚ô¶][9‚ô¶][10‚ô¶][J‚ô¶][Q‚ô¶][K‚ô¶][A‚ô†][2‚ô†][3‚ô†][4‚ô†][5‚ô†][6‚ô†][7‚ô†][8‚ô†][9‚ô†][10‚ô†][J‚ô†][Q‚ô†][K‚ô†]</system-out>
        </testcase>
        <testcase name="testStopPlayerPlaying" class="App\Cards\TwentyOneGameTest" classname="App.Cards.TwentyOneGameTest" file="/home/martin/dbwebb-kurser/mvc/me/report/tests/Cards/TwentyOneGameTest.php" line="148" assertions="1" time="0.001576">
          <system-out>[A‚ô•][2‚ô•][3‚ô•][4‚ô•][5‚ô•][6‚ô•][7‚ô•][8‚ô•][9‚ô•][10‚ô•][J‚ô•][Q‚ô•][K‚ô•][A‚ô£][2‚ô£][3‚ô£][4‚ô£][5‚ô£][6‚ô£][7‚ô£][8‚ô£][9‚ô£][10‚ô£][J‚ô£][Q‚ô£][K‚ô£][A‚ô¶][2‚ô¶][3‚ô¶][4‚ô¶][5‚ô¶][6‚ô¶][7‚ô¶][8‚ô¶][9‚ô¶][10‚ô¶][J‚ô¶][Q‚ô¶][K‚ô¶][A‚ô†][2‚ô†][3‚ô†][4‚ô†][5‚ô†][6‚ô†][7‚ô†][8‚ô†][9‚ô†][10‚ô†][J‚ô†][Q‚ô†][K‚ô†]</system-out>
        </testcase>
        <testcase name="testGetMessage" class="App\Cards\TwentyOneGameTest" classname="App.Cards.TwentyOneGameTest" file="/home/martin/dbwebb-kurser/mvc/me/report/tests/Cards/TwentyOneGameTest.php" line="160" assertions="1" time="0.001496">
          <system-out>[A‚ô•][2‚ô•][3‚ô•][4‚ô•][5‚ô•][6‚ô•][7‚ô•][8‚ô•][9‚ô•][10‚ô•][J‚ô•][Q‚ô•][K‚ô•][A‚ô£][2‚ô£][3‚ô£][4‚ô£][5‚ô£][6‚ô£][7‚ô£][8‚ô£][9‚ô£][10‚ô£][J‚ô£][Q‚ô£][K‚ô£][A‚ô¶][2‚ô¶][3‚ô¶][4‚ô¶][5‚ô¶][6‚ô¶][7‚ô¶][8‚ô¶][9‚ô¶][10‚ô¶][J‚ô¶][Q‚ô¶][K‚ô¶][A‚ô†][2‚ô†][3‚ô†][4‚ô†][5‚ô†][6‚ô†][7‚ô†][8‚ô†][9‚ô†][10‚ô†][J‚ô†][Q‚ô†][K‚ô†]</system-out>
        </testcase>
      </testsuite>
      <testsuite name="App\Tests\ProjectControllerTest" file="/home/martin/dbwebb-kurser/mvc/me/report/tests/Project/ProjectControllerTest.php" tests="6" assertions="14" errors="0" warnings="0" failures="0" skipped="0" time="0.517658">
        <testcase name="testAboutRoute" class="App\Tests\ProjectControllerTest" classname="App.Tests.ProjectControllerTest" file="/home/martin/dbwebb-kurser/mvc/me/report/tests/Project/ProjectControllerTest.php" line="9" assertions="2" time="0.367397"/>
        <testcase name="testHomeRoute" class="App\Tests\ProjectControllerTest" classname="App.Tests.ProjectControllerTest" file="/home/martin/dbwebb-kurser/mvc/me/report/tests/Project/ProjectControllerTest.php" line="19" assertions="2" time="0.025362"/>
        <testcase name="testTitleInHomeRoute" class="App\Tests\ProjectControllerTest" classname="App.Tests.ProjectControllerTest" file="/home/martin/dbwebb-kurser/mvc/me/report/tests/Project/ProjectControllerTest.php" line="30" assertions="3" time="0.043560"/>
        <testcase name="testTitleInAboutRoute" class="App\Tests\ProjectControllerTest" classname="App.Tests.ProjectControllerTest" file="/home/martin/dbwebb-kurser/mvc/me/report/tests/Project/ProjectControllerTest.php" line="40" assertions="3" time="0.025120"/>
        <testcase name="testH1ExistsHomeRoute" class="App\Tests\ProjectControllerTest" classname="App.Tests.ProjectControllerTest" file="/home/martin/dbwebb-kurser/mvc/me/report/tests/Project/ProjectControllerTest.php" line="50" assertions="2" time="0.028617"/>
        <testcase name="testH1ExistsAboutRoute" class="App\Tests\ProjectControllerTest" classname="App.Tests.ProjectControllerTest" file="/home/martin/dbwebb-kurser/mvc/me/report/tests/Project/ProjectControllerTest.php" line="60" assertions="2" time="0.027602"/>
      </testsuite>
      <testsuite name="App\Tests\ProjectNavigationTest" file="/home/martin/dbwebb-kurser/mvc/me/report/tests/Project/ProjectNavigationTest.php" tests="2" assertions="4" errors="0" warnings="0" failures="0" skipped="0" time="0.103075">
        <testcase name="testAboutLinkInNavigation" class="App\Tests\ProjectNavigationTest" classname="App.Tests.ProjectNavigationTest" file="/home/martin/dbwebb-kurser/mvc/me/report/tests/Project/ProjectNavigationTest.php" line="9" assertions="2" time="0.053440"/>
        <testcase name="testHomeLinkInNavigation" class="App\Tests\ProjectNavigationTest" classname="App.Tests.ProjectNavigationTest" file="/home/martin/dbwebb-kurser/mvc/me/report/tests/Project/ProjectNavigationTest.php" line="24" assertions="2" time="0.049636"/>
      </testsuite>
    </testsuite>
  </testsuite>
</testsuites>
