<?xml version="1.0" encoding="UTF-8"?>
<testsuites>
  <testsuite name="" tests="86" assertions="145" errors="0" warnings="0" failures="0" skipped="0" time="3.724523">
    <testsuite name="Project Test Suite" tests="86" assertions="145" errors="0" warnings="0" failures="0" skipped="0" time="3.724523">
      <testsuite name="BankTest" file="/home/martin/dbwebb-kurser/mvc/me/report/tests/Cards/BankTest.php" tests="3" assertions="3" errors="0" warnings="0" failures="0" skipped="0" time="0.018610">
        <testcase name="testPlayAndReturnPointsNotPlaying" class="BankTest" classname="BankTest" file="/home/martin/dbwebb-kurser/mvc/me/report/tests/Cards/BankTest.php" line="11" assertions="1" time="0.016214">
          <system-out>[A‚ô•][2‚ô•][3‚ô•][4‚ô•][5‚ô•][6‚ô•][7‚ô•][8‚ô•][9‚ô•][10‚ô•][J‚ô•][Q‚ô•][K‚ô•][A‚ô£][2‚ô£][3‚ô£][4‚ô£][5‚ô£][6‚ô£][7‚ô£][8‚ô£][9‚ô£][10‚ô£][J‚ô£][Q‚ô£][K‚ô£][A‚ô¶][2‚ô¶][3‚ô¶][4‚ô¶][5‚ô¶][6‚ô¶][7‚ô¶][8‚ô¶][9‚ô¶][10‚ô¶][J‚ô¶][Q‚ô¶][K‚ô¶][A‚ô†][2‚ô†][3‚ô†][4‚ô†][5‚ô†][6‚ô†][7‚ô†][8‚ô†][9‚ô†][10‚ô†][J‚ô†][Q‚ô†][K‚ô†][A‚ô†][K‚ô†]</system-out>
        </testcase>
        <testcase name="testPlayAndReturnPointsCardHandLessThan17" class="BankTest" classname="BankTest" file="/home/martin/dbwebb-kurser/mvc/me/report/tests/Cards/BankTest.php" line="23" assertions="1" time="0.001531">
          <system-out>[A‚ô•][2‚ô•][3‚ô•][4‚ô•][5‚ô•][6‚ô•][7‚ô•][8‚ô•][9‚ô•][10‚ô•][J‚ô•][Q‚ô•][K‚ô•][A‚ô£][2‚ô£][3‚ô£][4‚ô£][5‚ô£][6‚ô£][7‚ô£][8‚ô£][9‚ô£][10‚ô£][J‚ô£][Q‚ô£][K‚ô£][A‚ô¶][2‚ô¶][3‚ô¶][4‚ô¶][5‚ô¶][6‚ô¶][7‚ô¶][8‚ô¶][9‚ô¶][10‚ô¶][J‚ô¶][Q‚ô¶][K‚ô¶][A‚ô†][2‚ô†][3‚ô†][4‚ô†][5‚ô†][6‚ô†][7‚ô†][8‚ô†][9‚ô†][10‚ô†][J‚ô†][Q‚ô†][K‚ô†][A‚ô†][K‚ô†]</system-out>
        </testcase>
        <testcase name="testPlayAndReturnPointsCardHandMoreThan17" class="BankTest" classname="BankTest" file="/home/martin/dbwebb-kurser/mvc/me/report/tests/Cards/BankTest.php" line="34" assertions="1" time="0.000865">
          <system-out>[A‚ô•][2‚ô•][3‚ô•][4‚ô•][5‚ô•][6‚ô•][7‚ô•][8‚ô•][9‚ô•][10‚ô•][J‚ô•][Q‚ô•][K‚ô•][A‚ô£][2‚ô£][3‚ô£][4‚ô£][5‚ô£][6‚ô£][7‚ô£][8‚ô£][9‚ô£][10‚ô£][J‚ô£][Q‚ô£][K‚ô£][A‚ô¶][2‚ô¶][3‚ô¶][4‚ô¶][5‚ô¶][6‚ô¶][7‚ô¶][8‚ô¶][9‚ô¶][10‚ô¶][J‚ô¶][Q‚ô¶][K‚ô¶][A‚ô†][2‚ô†][3‚ô†][4‚ô†][5‚ô†][6‚ô†][7‚ô†][8‚ô†][9‚ô†][10‚ô†][J‚ô†][Q‚ô†][K‚ô†][5‚ô†][K‚ô†]</system-out>
        </testcase>
      </testsuite>
      <testsuite name="CardHandTest" file="/home/martin/dbwebb-kurser/mvc/me/report/tests/Cards/CardHandTest.php" tests="4" assertions="4" errors="0" warnings="0" failures="0" skipped="0" time="0.003586">
        <testcase name="testGetCardStrings" class="CardHandTest" classname="CardHandTest" file="/home/martin/dbwebb-kurser/mvc/me/report/tests/Cards/CardHandTest.php" line="10" assertions="1" time="0.000557">
          <system-out>[A‚ô†][3‚ô•]</system-out>
        </testcase>
        <testcase name="testGetTotalPoints" class="CardHandTest" classname="CardHandTest" file="/home/martin/dbwebb-kurser/mvc/me/report/tests/Cards/CardHandTest.php" line="23" assertions="1" time="0.000453">
          <system-out>[K‚ô•][Q‚ô¶][5‚ô£]</system-out>
        </testcase>
        <testcase name="testAddCard" class="CardHandTest" classname="CardHandTest" file="/home/martin/dbwebb-kurser/mvc/me/report/tests/Cards/CardHandTest.php" line="37" assertions="1" time="0.000807">
          <system-out>[A‚ô†][K‚ô•]</system-out>
        </testcase>
        <testcase name="testInvalidCard" class="CardHandTest" classname="CardHandTest" file="/home/martin/dbwebb-kurser/mvc/me/report/tests/Cards/CardHandTest.php" line="51" assertions="1" time="0.001770">
          <system-out>[A‚ô†]</system-out>
        </testcase>
      </testsuite>
      <testsuite name="App\Cards\CardTest" file="/home/martin/dbwebb-kurser/mvc/me/report/tests/Cards/CardTest.php" tests="5" assertions="5" errors="0" warnings="0" failures="0" skipped="0" time="0.003785">
        <testcase name="testValidCard" class="App\Cards\CardTest" classname="App.Cards.CardTest" file="/home/martin/dbwebb-kurser/mvc/me/report/tests/Cards/CardTest.php" line="18" assertions="1" time="0.001381">
          <system-out>[2‚ô•]</system-out>
        </testcase>
        <testcase name="testInvalidSuit" class="App\Cards\CardTest" classname="App.Cards.CardTest" file="/home/martin/dbwebb-kurser/mvc/me/report/tests/Cards/CardTest.php" line="28" assertions="1" time="0.000659"/>
        <testcase name="testInvalidValue" class="App\Cards\CardTest" classname="App.Cards.CardTest" file="/home/martin/dbwebb-kurser/mvc/me/report/tests/Cards/CardTest.php" line="38" assertions="1" time="0.000515"/>
        <testcase name="testGetCardString" class="App\Cards\CardTest" classname="App.Cards.CardTest" file="/home/martin/dbwebb-kurser/mvc/me/report/tests/Cards/CardTest.php" line="47" assertions="1" time="0.000455">
          <system-out>[J‚ô£]</system-out>
        </testcase>
        <testcase name="testSetPoints" class="App\Cards\CardTest" classname="App.Cards.CardTest" file="/home/martin/dbwebb-kurser/mvc/me/report/tests/Cards/CardTest.php" line="56" assertions="1" time="0.000775">
          <system-out>[4‚ô¶]</system-out>
        </testcase>
      </testsuite>
      <testsuite name="App\Cards\DeckOfCardsTest" file="/home/martin/dbwebb-kurser/mvc/me/report/tests/Cards/DeckOfCardsTest.php" tests="4" assertions="5" errors="0" warnings="0" failures="0" skipped="0" time="0.015037">
        <testcase name="testGetCardStrings" class="App\Cards\DeckOfCardsTest" classname="App.Cards.DeckOfCardsTest" file="/home/martin/dbwebb-kurser/mvc/me/report/tests/Cards/DeckOfCardsTest.php" line="10" assertions="1" time="0.002472">
          <system-out>[A‚ô•][2‚ô•][3‚ô•][4‚ô•][5‚ô•][6‚ô•][7‚ô•][8‚ô•][9‚ô•][10‚ô•][J‚ô•][Q‚ô•][K‚ô•][A‚ô£][2‚ô£][3‚ô£][4‚ô£][5‚ô£][6‚ô£][7‚ô£][8‚ô£][9‚ô£][10‚ô£][J‚ô£][Q‚ô£][K‚ô£][A‚ô¶][2‚ô¶][3‚ô¶][4‚ô¶][5‚ô¶][6‚ô¶][7‚ô¶][8‚ô¶][9‚ô¶][10‚ô¶][J‚ô¶][Q‚ô¶][K‚ô¶][A‚ô†][2‚ô†][3‚ô†][4‚ô†][5‚ô†][6‚ô†][7‚ô†][8‚ô†][9‚ô†][10‚ô†][J‚ô†][Q‚ô†][K‚ô†]</system-out>
        </testcase>
        <testcase name="testShuffleDeck" class="App\Cards\DeckOfCardsTest" classname="App.Cards.DeckOfCardsTest" file="/home/martin/dbwebb-kurser/mvc/me/report/tests/Cards/DeckOfCardsTest.php" line="17" assertions="1" time="0.010461">
          <system-out>[A‚ô•][2‚ô•][3‚ô•][4‚ô•][5‚ô•][6‚ô•][7‚ô•][8‚ô•][9‚ô•][10‚ô•][J‚ô•][Q‚ô•][K‚ô•][A‚ô£][2‚ô£][3‚ô£][4‚ô£][5‚ô£][6‚ô£][7‚ô£][8‚ô£][9‚ô£][10‚ô£][J‚ô£][Q‚ô£][K‚ô£][A‚ô¶][2‚ô¶][3‚ô¶][4‚ô¶][5‚ô¶][6‚ô¶][7‚ô¶][8‚ô¶][9‚ô¶][10‚ô¶][J‚ô¶][Q‚ô¶][K‚ô¶][A‚ô†][2‚ô†][3‚ô†][4‚ô†][5‚ô†][6‚ô†][7‚ô†][8‚ô†][9‚ô†][10‚ô†][J‚ô†][Q‚ô†][K‚ô†]</system-out>
        </testcase>
        <testcase name="testGetNumCards" class="App\Cards\DeckOfCardsTest" classname="App.Cards.DeckOfCardsTest" file="/home/martin/dbwebb-kurser/mvc/me/report/tests/Cards/DeckOfCardsTest.php" line="28" assertions="1" time="0.001092">
          <system-out>[A‚ô•][2‚ô•][3‚ô•][4‚ô•][5‚ô•][6‚ô•][7‚ô•][8‚ô•][9‚ô•][10‚ô•][J‚ô•][Q‚ô•][K‚ô•][A‚ô£][2‚ô£][3‚ô£][4‚ô£][5‚ô£][6‚ô£][7‚ô£][8‚ô£][9‚ô£][10‚ô£][J‚ô£][Q‚ô£][K‚ô£][A‚ô¶][2‚ô¶][3‚ô¶][4‚ô¶][5‚ô¶][6‚ô¶][7‚ô¶][8‚ô¶][9‚ô¶][10‚ô¶][J‚ô¶][Q‚ô¶][K‚ô¶][A‚ô†][2‚ô†][3‚ô†][4‚ô†][5‚ô†][6‚ô†][7‚ô†][8‚ô†][9‚ô†][10‚ô†][J‚ô†][Q‚ô†][K‚ô†]</system-out>
        </testcase>
        <testcase name="testDrawCards" class="App\Cards\DeckOfCardsTest" classname="App.Cards.DeckOfCardsTest" file="/home/martin/dbwebb-kurser/mvc/me/report/tests/Cards/DeckOfCardsTest.php" line="36" assertions="2" time="0.001011">
          <system-out>[A‚ô•][2‚ô•][3‚ô•][4‚ô•][5‚ô•][6‚ô•][7‚ô•][8‚ô•][9‚ô•][10‚ô•][J‚ô•][Q‚ô•][K‚ô•][A‚ô£][2‚ô£][3‚ô£][4‚ô£][5‚ô£][6‚ô£][7‚ô£][8‚ô£][9‚ô£][10‚ô£][J‚ô£][Q‚ô£][K‚ô£][A‚ô¶][2‚ô¶][3‚ô¶][4‚ô¶][5‚ô¶][6‚ô¶][7‚ô¶][8‚ô¶][9‚ô¶][10‚ô¶][J‚ô¶][Q‚ô¶][K‚ô¶][A‚ô†][2‚ô†][3‚ô†][4‚ô†][5‚ô†][6‚ô†][7‚ô†][8‚ô†][9‚ô†][10‚ô†][J‚ô†][Q‚ô†][K‚ô†]</system-out>
        </testcase>
      </testsuite>
      <testsuite name="JokerDeckOfCardsTest" file="/home/martin/dbwebb-kurser/mvc/me/report/tests/Cards/JokerDeckOfCardsTest.php" tests="2" assertions="8" errors="0" warnings="0" failures="0" skipped="0" time="0.002963">
        <testcase name="testConstructorWithDefaultNumJokers" class="JokerDeckOfCardsTest" classname="JokerDeckOfCardsTest" file="/home/martin/dbwebb-kurser/mvc/me/report/tests/Cards/JokerDeckOfCardsTest.php" line="9" assertions="3" time="0.001508">
          <system-out>[A‚ô•][2‚ô•][3‚ô•][4‚ô•][5‚ô•][6‚ô•][7‚ô•][8‚ô•][9‚ô•][10‚ô•][J‚ô•][Q‚ô•][K‚ô•][A‚ô£][2‚ô£][3‚ô£][4‚ô£][5‚ô£][6‚ô£][7‚ô£][8‚ô£][9‚ô£][10‚ô£][J‚ô£][Q‚ô£][K‚ô£][A‚ô¶][2‚ô¶][3‚ô¶][4‚ô¶][5‚ô¶][6‚ô¶][7‚ô¶][8‚ô¶][9‚ô¶][10‚ô¶][J‚ô¶][Q‚ô¶][K‚ô¶][A‚ô†][2‚ô†][3‚ô†][4‚ô†][5‚ô†][6‚ô†][7‚ô†][8‚ô†][9‚ô†][10‚ô†][J‚ô†][Q‚ô†][K‚ô†][üÉè][üÉè]</system-out>
        </testcase>
        <testcase name="testConstructorWithCustomNumJokers" class="JokerDeckOfCardsTest" classname="JokerDeckOfCardsTest" file="/home/martin/dbwebb-kurser/mvc/me/report/tests/Cards/JokerDeckOfCardsTest.php" line="21" assertions="5" time="0.001455">
          <system-out>[A‚ô•][2‚ô•][3‚ô•][4‚ô•][5‚ô•][6‚ô•][7‚ô•][8‚ô•][9‚ô•][10‚ô•][J‚ô•][Q‚ô•][K‚ô•][A‚ô£][2‚ô£][3‚ô£][4‚ô£][5‚ô£][6‚ô£][7‚ô£][8‚ô£][9‚ô£][10‚ô£][J‚ô£][Q‚ô£][K‚ô£][A‚ô¶][2‚ô¶][3‚ô¶][4‚ô¶][5‚ô¶][6‚ô¶][7‚ô¶][8‚ô¶][9‚ô¶][10‚ô¶][J‚ô¶][Q‚ô¶][K‚ô¶][A‚ô†][2‚ô†][3‚ô†][4‚ô†][5‚ô†][6‚ô†][7‚ô†][8‚ô†][9‚ô†][10‚ô†][J‚ô†][Q‚ô†][K‚ô†][üÉè][üÉè][üÉè][üÉè]</system-out>
        </testcase>
      </testsuite>
      <testsuite name="PlayerTest" file="/home/martin/dbwebb-kurser/mvc/me/report/tests/Cards/PlayerTest.php" tests="3" assertions="7" errors="0" warnings="0" failures="0" skipped="0" time="0.003365">
        <testcase name="testReset" class="PlayerTest" classname="PlayerTest" file="/home/martin/dbwebb-kurser/mvc/me/report/tests/Cards/PlayerTest.php" line="10" assertions="3" time="0.001198"/>
        <testcase name="testStopPlaying" class="PlayerTest" classname="PlayerTest" file="/home/martin/dbwebb-kurser/mvc/me/report/tests/Cards/PlayerTest.php" line="22" assertions="2" time="0.001652"/>
        <testcase name="testAddCard" class="PlayerTest" classname="PlayerTest" file="/home/martin/dbwebb-kurser/mvc/me/report/tests/Cards/PlayerTest.php" line="33" assertions="2" time="0.000514">
          <system-out>[A‚ô†]</system-out>
        </testcase>
      </testsuite>
      <testsuite name="App\Cards\TwentyOneGameTest" file="/home/martin/dbwebb-kurser/mvc/me/report/tests/Cards/TwentyOneGameTest.php" tests="9" assertions="26" errors="0" warnings="0" failures="0" skipped="0" time="0.018203">
        <testcase name="testPlayGameGameIsOver" class="App\Cards\TwentyOneGameTest" classname="App.Cards.TwentyOneGameTest" file="/home/martin/dbwebb-kurser/mvc/me/report/tests/Cards/TwentyOneGameTest.php" line="14" assertions="5" time="0.003139">
          <system-out>[A‚ô•][2‚ô•][3‚ô•][4‚ô•][5‚ô•][6‚ô•][7‚ô•][8‚ô•][9‚ô•][10‚ô•][J‚ô•][Q‚ô•][K‚ô•][A‚ô£][2‚ô£][3‚ô£][4‚ô£][5‚ô£][6‚ô£][7‚ô£][8‚ô£][9‚ô£][10‚ô£][J‚ô£][Q‚ô£][K‚ô£][A‚ô¶][2‚ô¶][3‚ô¶][4‚ô¶][5‚ô¶][6‚ô¶][7‚ô¶][8‚ô¶][9‚ô¶][10‚ô¶][J‚ô¶][Q‚ô¶][K‚ô¶][A‚ô†][2‚ô†][3‚ô†][4‚ô†][5‚ô†][6‚ô†][7‚ô†][8‚ô†][9‚ô†][10‚ô†][J‚ô†][Q‚ô†][K‚ô†]</system-out>
        </testcase>
        <testcase name="testPlayGamePlayerBusts" class="App\Cards\TwentyOneGameTest" classname="App.Cards.TwentyOneGameTest" file="/home/martin/dbwebb-kurser/mvc/me/report/tests/Cards/TwentyOneGameTest.php" line="35" assertions="5" time="0.001178">
          <system-out>[A‚ô•][2‚ô•][3‚ô•][4‚ô•][5‚ô•][6‚ô•][7‚ô•][8‚ô•][9‚ô•][10‚ô•][J‚ô•][Q‚ô•][K‚ô•][A‚ô£][2‚ô£][3‚ô£][4‚ô£][5‚ô£][6‚ô£][7‚ô£][8‚ô£][9‚ô£][10‚ô£][J‚ô£][Q‚ô£][K‚ô£][A‚ô¶][2‚ô¶][3‚ô¶][4‚ô¶][5‚ô¶][6‚ô¶][7‚ô¶][8‚ô¶][9‚ô¶][10‚ô¶][J‚ô¶][Q‚ô¶][K‚ô¶][A‚ô†][2‚ô†][3‚ô†][4‚ô†][5‚ô†][6‚ô†][7‚ô†][8‚ô†][9‚ô†][10‚ô†][J‚ô†][Q‚ô†][K‚ô†][K‚ô†][K‚ô†]</system-out>
        </testcase>
        <testcase name="testPlayGamePlayerIsPlaying" class="App\Cards\TwentyOneGameTest" classname="App.Cards.TwentyOneGameTest" file="/home/martin/dbwebb-kurser/mvc/me/report/tests/Cards/TwentyOneGameTest.php" line="55" assertions="1" time="0.001486">
          <system-out>[A‚ô•][2‚ô•][3‚ô•][4‚ô•][5‚ô•][6‚ô•][7‚ô•][8‚ô•][9‚ô•][10‚ô•][J‚ô•][Q‚ô•][K‚ô•][A‚ô£][2‚ô£][3‚ô£][4‚ô£][5‚ô£][6‚ô£][7‚ô£][8‚ô£][9‚ô£][10‚ô£][J‚ô£][Q‚ô£][K‚ô£][A‚ô¶][2‚ô¶][3‚ô¶][4‚ô¶][5‚ô¶][6‚ô¶][7‚ô¶][8‚ô¶][9‚ô¶][10‚ô¶][J‚ô¶][Q‚ô¶][K‚ô¶][A‚ô†][2‚ô†][3‚ô†][4‚ô†][5‚ô†][6‚ô†][7‚ô†][8‚ô†][9‚ô†][10‚ô†][J‚ô†][Q‚ô†][K‚ô†]</system-out>
        </testcase>
        <testcase name="testPlayGameBankBusts" class="App\Cards\TwentyOneGameTest" classname="App.Cards.TwentyOneGameTest" file="/home/martin/dbwebb-kurser/mvc/me/report/tests/Cards/TwentyOneGameTest.php" line="67" assertions="4" time="0.002127">
          <system-out>[A‚ô•][2‚ô•][3‚ô•][4‚ô•][5‚ô•][6‚ô•][7‚ô•][8‚ô•][9‚ô•][10‚ô•][J‚ô•][Q‚ô•][K‚ô•][A‚ô£][2‚ô£][3‚ô£][4‚ô£][5‚ô£][6‚ô£][7‚ô£][8‚ô£][9‚ô£][10‚ô£][J‚ô£][Q‚ô£][K‚ô£][A‚ô¶][2‚ô¶][3‚ô¶][4‚ô¶][5‚ô¶][6‚ô¶][7‚ô¶][8‚ô¶][9‚ô¶][10‚ô¶][J‚ô¶][Q‚ô¶][K‚ô¶][A‚ô†][2‚ô†][3‚ô†][4‚ô†][5‚ô†][6‚ô†][7‚ô†][8‚ô†][9‚ô†][10‚ô†][J‚ô†][Q‚ô†][K‚ô†][K‚ô†][8‚ô†][K‚ô†][K‚ô†]</system-out>
        </testcase>
        <testcase name="testPlayGameBankWins" class="App\Cards\TwentyOneGameTest" classname="App.Cards.TwentyOneGameTest" file="/home/martin/dbwebb-kurser/mvc/me/report/tests/Cards/TwentyOneGameTest.php" line="90" assertions="4" time="0.002281">
          <system-out>[A‚ô•][2‚ô•][3‚ô•][4‚ô•][5‚ô•][6‚ô•][7‚ô•][8‚ô•][9‚ô•][10‚ô•][J‚ô•][Q‚ô•][K‚ô•][A‚ô£][2‚ô£][3‚ô£][4‚ô£][5‚ô£][6‚ô£][7‚ô£][8‚ô£][9‚ô£][10‚ô£][J‚ô£][Q‚ô£][K‚ô£][A‚ô¶][2‚ô¶][3‚ô¶][4‚ô¶][5‚ô¶][6‚ô¶][7‚ô¶][8‚ô¶][9‚ô¶][10‚ô¶][J‚ô¶][Q‚ô¶][K‚ô¶][A‚ô†][2‚ô†][3‚ô†][4‚ô†][5‚ô†][6‚ô†][7‚ô†][8‚ô†][9‚ô†][10‚ô†][J‚ô†][Q‚ô†][K‚ô†][10‚ô†][8‚ô†][J‚ô†][10‚ô†]</system-out>
        </testcase>
        <testcase name="testPlayGamePlayerWins" class="App\Cards\TwentyOneGameTest" classname="App.Cards.TwentyOneGameTest" file="/home/martin/dbwebb-kurser/mvc/me/report/tests/Cards/TwentyOneGameTest.php" line="113" assertions="4" time="0.002925">
          <system-out>[A‚ô•][2‚ô•][3‚ô•][4‚ô•][5‚ô•][6‚ô•][7‚ô•][8‚ô•][9‚ô•][10‚ô•][J‚ô•][Q‚ô•][K‚ô•][A‚ô£][2‚ô£][3‚ô£][4‚ô£][5‚ô£][6‚ô£][7‚ô£][8‚ô£][9‚ô£][10‚ô£][J‚ô£][Q‚ô£][K‚ô£][A‚ô¶][2‚ô¶][3‚ô¶][4‚ô¶][5‚ô¶][6‚ô¶][7‚ô¶][8‚ô¶][9‚ô¶][10‚ô¶][J‚ô¶][Q‚ô¶][K‚ô¶][A‚ô†][2‚ô†][3‚ô†][4‚ô†][5‚ô†][6‚ô†][7‚ô†][8‚ô†][9‚ô†][10‚ô†][J‚ô†][Q‚ô†][K‚ô†][10‚ô†][8‚ô†][10‚ô†][7‚ô†]</system-out>
        </testcase>
        <testcase name="testGetGameState" class="App\Cards\TwentyOneGameTest" classname="App.Cards.TwentyOneGameTest" file="/home/martin/dbwebb-kurser/mvc/me/report/tests/Cards/TwentyOneGameTest.php" line="136" assertions="1" time="0.003204">
          <system-out>[A‚ô•][2‚ô•][3‚ô•][4‚ô•][5‚ô•][6‚ô•][7‚ô•][8‚ô•][9‚ô•][10‚ô•][J‚ô•][Q‚ô•][K‚ô•][A‚ô£][2‚ô£][3‚ô£][4‚ô£][5‚ô£][6‚ô£][7‚ô£][8‚ô£][9‚ô£][10‚ô£][J‚ô£][Q‚ô£][K‚ô£][A‚ô¶][2‚ô¶][3‚ô¶][4‚ô¶][5‚ô¶][6‚ô¶][7‚ô¶][8‚ô¶][9‚ô¶][10‚ô¶][J‚ô¶][Q‚ô¶][K‚ô¶][A‚ô†][2‚ô†][3‚ô†][4‚ô†][5‚ô†][6‚ô†][7‚ô†][8‚ô†][9‚ô†][10‚ô†][J‚ô†][Q‚ô†][K‚ô†]</system-out>
        </testcase>
        <testcase name="testStopPlayerPlaying" class="App\Cards\TwentyOneGameTest" classname="App.Cards.TwentyOneGameTest" file="/home/martin/dbwebb-kurser/mvc/me/report/tests/Cards/TwentyOneGameTest.php" line="148" assertions="1" time="0.000981">
          <system-out>[A‚ô•][2‚ô•][3‚ô•][4‚ô•][5‚ô•][6‚ô•][7‚ô•][8‚ô•][9‚ô•][10‚ô•][J‚ô•][Q‚ô•][K‚ô•][A‚ô£][2‚ô£][3‚ô£][4‚ô£][5‚ô£][6‚ô£][7‚ô£][8‚ô£][9‚ô£][10‚ô£][J‚ô£][Q‚ô£][K‚ô£][A‚ô¶][2‚ô¶][3‚ô¶][4‚ô¶][5‚ô¶][6‚ô¶][7‚ô¶][8‚ô¶][9‚ô¶][10‚ô¶][J‚ô¶][Q‚ô¶][K‚ô¶][A‚ô†][2‚ô†][3‚ô†][4‚ô†][5‚ô†][6‚ô†][7‚ô†][8‚ô†][9‚ô†][10‚ô†][J‚ô†][Q‚ô†][K‚ô†]</system-out>
        </testcase>
        <testcase name="testGetMessage" class="App\Cards\TwentyOneGameTest" classname="App.Cards.TwentyOneGameTest" file="/home/martin/dbwebb-kurser/mvc/me/report/tests/Cards/TwentyOneGameTest.php" line="160" assertions="1" time="0.000881">
          <system-out>[A‚ô•][2‚ô•][3‚ô•][4‚ô•][5‚ô•][6‚ô•][7‚ô•][8‚ô•][9‚ô•][10‚ô•][J‚ô•][Q‚ô•][K‚ô•][A‚ô£][2‚ô£][3‚ô£][4‚ô£][5‚ô£][6‚ô£][7‚ô£][8‚ô£][9‚ô£][10‚ô£][J‚ô£][Q‚ô£][K‚ô£][A‚ô¶][2‚ô¶][3‚ô¶][4‚ô¶][5‚ô¶][6‚ô¶][7‚ô¶][8‚ô¶][9‚ô¶][10‚ô¶][J‚ô¶][Q‚ô¶][K‚ô¶][A‚ô†][2‚ô†][3‚ô†][4‚ô†][5‚ô†][6‚ô†][7‚ô†][8‚ô†][9‚ô†][10‚ô†][J‚ô†][Q‚ô†][K‚ô†]</system-out>
        </testcase>
      </testsuite>
      <testsuite name="App\Project\BankTest" file="/home/martin/dbwebb-kurser/mvc/me/report/tests/Project/BankTest.php" tests="3" assertions="3" errors="0" warnings="0" failures="0" skipped="0" time="0.006250">
        <testcase name="testPlayAndReturnPointsNotPlaying" class="App\Project\BankTest" classname="App.Project.BankTest" file="/home/martin/dbwebb-kurser/mvc/me/report/tests/Project/BankTest.php" line="13" assertions="1" time="0.004509"/>
        <testcase name="testPlayAndReturnPointsCardHandLessThan17" class="App\Project\BankTest" classname="App.Project.BankTest" file="/home/martin/dbwebb-kurser/mvc/me/report/tests/Project/BankTest.php" line="25" assertions="1" time="0.000922"/>
        <testcase name="testPlayAndReturnPointsCardHandMoreThan17" class="App\Project\BankTest" classname="App.Project.BankTest" file="/home/martin/dbwebb-kurser/mvc/me/report/tests/Project/BankTest.php" line="36" assertions="1" time="0.000820"/>
      </testsuite>
      <testsuite name="App\Project\BlackJackGameTest" file="/home/martin/dbwebb-kurser/mvc/me/report/tests/Project/BlackJackGameTest.php" tests="23" assertions="34" errors="0" warnings="0" failures="0" skipped="0" time="0.037984">
        <testcase name="testConstructorWithValidNumberOfPlayers" class="App\Project\BlackJackGameTest" classname="App.Project.BlackJackGameTest" file="/home/martin/dbwebb-kurser/mvc/me/report/tests/Project/BlackJackGameTest.php" line="16" assertions="1" time="0.003536"/>
        <testcase name="testConstructorWithInvalidNumberOfPlayers" class="App\Project\BlackJackGameTest" classname="App.Project.BlackJackGameTest" file="/home/martin/dbwebb-kurser/mvc/me/report/tests/Project/BlackJackGameTest.php" line="31" assertions="2" time="0.001600"/>
        <testcase name="testAddCardToCount" class="App\Project\BlackJackGameTest" classname="App.Project.BlackJackGameTest" file="/home/martin/dbwebb-kurser/mvc/me/report/tests/Project/BlackJackGameTest.php" line="48" assertions="3" time="0.000998"/>
        <testcase name="testPlayGameWhenGameOver" class="App\Project\BlackJackGameTest" classname="App.Project.BlackJackGameTest" file="/home/martin/dbwebb-kurser/mvc/me/report/tests/Project/BlackJackGameTest.php" line="75" assertions="1" time="0.001099"/>
        <testcase name="testPlayGameWhenNotBetting" class="App\Project\BlackJackGameTest" classname="App.Project.BlackJackGameTest" file="/home/martin/dbwebb-kurser/mvc/me/report/tests/Project/BlackJackGameTest.php" line="93" assertions="1" time="0.000962"/>
        <testcase name="testPlayGameWhenBetting" class="App\Project\BlackJackGameTest" classname="App.Project.BlackJackGameTest" file="/home/martin/dbwebb-kurser/mvc/me/report/tests/Project/BlackJackGameTest.php" line="111" assertions="1" time="0.001044"/>
        <testcase name="testPlayGamePlayersOver21" class="App\Project\BlackJackGameTest" classname="App.Project.BlackJackGameTest" file="/home/martin/dbwebb-kurser/mvc/me/report/tests/Project/BlackJackGameTest.php" line="128" assertions="1" time="0.001641"/>
        <testcase name="testGetRunningCount" class="App\Project\BlackJackGameTest" classname="App.Project.BlackJackGameTest" file="/home/martin/dbwebb-kurser/mvc/me/report/tests/Project/BlackJackGameTest.php" line="146" assertions="1" time="0.001759"/>
        <testcase name="testGetTrueCount" class="App\Project\BlackJackGameTest" classname="App.Project.BlackJackGameTest" file="/home/martin/dbwebb-kurser/mvc/me/report/tests/Project/BlackJackGameTest.php" line="163" assertions="1" time="0.000978"/>
        <testcase name="testSetGameOver" class="App\Project\BlackJackGameTest" classname="App.Project.BlackJackGameTest" file="/home/martin/dbwebb-kurser/mvc/me/report/tests/Project/BlackJackGameTest.php" line="180" assertions="1" time="0.001051"/>
        <testcase name="testGetPlayerBets" class="App\Project\BlackJackGameTest" classname="App.Project.BlackJackGameTest" file="/home/martin/dbwebb-kurser/mvc/me/report/tests/Project/BlackJackGameTest.php" line="196" assertions="1" time="0.000938"/>
        <testcase name="testSetGameState" class="App\Project\BlackJackGameTest" classname="App.Project.BlackJackGameTest" file="/home/martin/dbwebb-kurser/mvc/me/report/tests/Project/BlackJackGameTest.php" line="214" assertions="1" time="0.001311"/>
        <testcase name="testGetDeck" class="App\Project\BlackJackGameTest" classname="App.Project.BlackJackGameTest" file="/home/martin/dbwebb-kurser/mvc/me/report/tests/Project/BlackJackGameTest.php" line="232" assertions="1" time="0.001838"/>
        <testcase name="testGetPlayersPlaying" class="App\Project\BlackJackGameTest" classname="App.Project.BlackJackGameTest" file="/home/martin/dbwebb-kurser/mvc/me/report/tests/Project/BlackJackGameTest.php" line="249" assertions="3" time="0.004064"/>
        <testcase name="testAddPlayerBet" class="App\Project\BlackJackGameTest" classname="App.Project.BlackJackGameTest" file="/home/martin/dbwebb-kurser/mvc/me/report/tests/Project/BlackJackGameTest.php" line="268" assertions="2" time="0.001047"/>
        <testcase name="testDoublePlayerBet" class="App\Project\BlackJackGameTest" classname="App.Project.BlackJackGameTest" file="/home/martin/dbwebb-kurser/mvc/me/report/tests/Project/BlackJackGameTest.php" line="288" assertions="3" time="0.001165"/>
        <testcase name="testGetGameState" class="App\Project\BlackJackGameTest" classname="App.Project.BlackJackGameTest" file="/home/martin/dbwebb-kurser/mvc/me/report/tests/Project/BlackJackGameTest.php" line="312" assertions="1" time="0.001462"/>
        <testcase name="testGetMessage" class="App\Project\BlackJackGameTest" classname="App.Project.BlackJackGameTest" file="/home/martin/dbwebb-kurser/mvc/me/report/tests/Project/BlackJackGameTest.php" line="326" assertions="1" time="0.001611"/>
        <testcase name="testSetPlayerBalance" class="App\Project\BlackJackGameTest" classname="App.Project.BlackJackGameTest" file="/home/martin/dbwebb-kurser/mvc/me/report/tests/Project/BlackJackGameTest.php" line="344" assertions="1" time="0.001777"/>
        <testcase name="testGivePlayerCard" class="App\Project\BlackJackGameTest" classname="App.Project.BlackJackGameTest" file="/home/martin/dbwebb-kurser/mvc/me/report/tests/Project/BlackJackGameTest.php" line="362" assertions="2" time="0.001885"/>
        <testcase name="testStopPlayerPlaying" class="App\Project\BlackJackGameTest" classname="App.Project.BlackJackGameTest" file="/home/martin/dbwebb-kurser/mvc/me/report/tests/Project/BlackJackGameTest.php" line="383" assertions="2" time="0.002825"/>
        <testcase name="testGameIsOverAfterPlayBank" class="App\Project\BlackJackGameTest" classname="App.Project.BlackJackGameTest" file="/home/martin/dbwebb-kurser/mvc/me/report/tests/Project/BlackJackGameTest.php" line="403" assertions="1" time="0.001679"/>
        <testcase name="testMessagesWhenAndPlayersWonWhenBusted" class="App\Project\BlackJackGameTest" classname="App.Project.BlackJackGameTest" file="/home/martin/dbwebb-kurser/mvc/me/report/tests/Project/BlackJackGameTest.php" line="420" assertions="2" time="0.001714"/>
      </testsuite>
      <testsuite name="App\Project\CardHandTest" file="/home/martin/dbwebb-kurser/mvc/me/report/tests/Project/CardHandTest.php" tests="4" assertions="4" errors="0" warnings="0" failures="0" skipped="0" time="0.002259">
        <testcase name="testGetCardStrings" class="App\Project\CardHandTest" classname="App.Project.CardHandTest" file="/home/martin/dbwebb-kurser/mvc/me/report/tests/Project/CardHandTest.php" line="12" assertions="1" time="0.000547"/>
        <testcase name="testGetTotalPoints" class="App\Project\CardHandTest" classname="App.Project.CardHandTest" file="/home/martin/dbwebb-kurser/mvc/me/report/tests/Project/CardHandTest.php" line="25" assertions="1" time="0.000540"/>
        <testcase name="testAddCard" class="App\Project\CardHandTest" classname="App.Project.CardHandTest" file="/home/martin/dbwebb-kurser/mvc/me/report/tests/Project/CardHandTest.php" line="39" assertions="1" time="0.000661"/>
        <testcase name="testInvalidCard" class="App\Project\CardHandTest" classname="App.Project.CardHandTest" file="/home/martin/dbwebb-kurser/mvc/me/report/tests/Project/CardHandTest.php" line="53" assertions="1" time="0.000511"/>
      </testsuite>
      <testsuite name="App\Project\CardTest" file="/home/martin/dbwebb-kurser/mvc/me/report/tests/Project/CardTest.php" tests="5" assertions="5" errors="0" warnings="0" failures="0" skipped="0" time="0.002885">
        <testcase name="testValidCard" class="App\Project\CardTest" classname="App.Project.CardTest" file="/home/martin/dbwebb-kurser/mvc/me/report/tests/Project/CardTest.php" line="18" assertions="1" time="0.000547"/>
        <testcase name="testInvalidSuit" class="App\Project\CardTest" classname="App.Project.CardTest" file="/home/martin/dbwebb-kurser/mvc/me/report/tests/Project/CardTest.php" line="28" assertions="1" time="0.000479"/>
        <testcase name="testInvalidValue" class="App\Project\CardTest" classname="App.Project.CardTest" file="/home/martin/dbwebb-kurser/mvc/me/report/tests/Project/CardTest.php" line="38" assertions="1" time="0.000487"/>
        <testcase name="testGetCardString" class="App\Project\CardTest" classname="App.Project.CardTest" file="/home/martin/dbwebb-kurser/mvc/me/report/tests/Project/CardTest.php" line="47" assertions="1" time="0.000562"/>
        <testcase name="testSetPoints" class="App\Project\CardTest" classname="App.Project.CardTest" file="/home/martin/dbwebb-kurser/mvc/me/report/tests/Project/CardTest.php" line="56" assertions="1" time="0.000810"/>
      </testsuite>
      <testsuite name="App\Project\DeckOfCardsTest" file="/home/martin/dbwebb-kurser/mvc/me/report/tests/Project/DeckOfCardsTest.php" tests="4" assertions="5" errors="0" warnings="0" failures="0" skipped="0" time="0.008241">
        <testcase name="testGetCardStrings" class="App\Project\DeckOfCardsTest" classname="App.Project.DeckOfCardsTest" file="/home/martin/dbwebb-kurser/mvc/me/report/tests/Project/DeckOfCardsTest.php" line="10" assertions="1" time="0.001077"/>
        <testcase name="testShuffleDeck" class="App\Project\DeckOfCardsTest" classname="App.Project.DeckOfCardsTest" file="/home/martin/dbwebb-kurser/mvc/me/report/tests/Project/DeckOfCardsTest.php" line="17" assertions="1" time="0.005316"/>
        <testcase name="testGetNumCards" class="App\Project\DeckOfCardsTest" classname="App.Project.DeckOfCardsTest" file="/home/martin/dbwebb-kurser/mvc/me/report/tests/Project/DeckOfCardsTest.php" line="28" assertions="1" time="0.000754"/>
        <testcase name="testDrawCards" class="App\Project\DeckOfCardsTest" classname="App.Project.DeckOfCardsTest" file="/home/martin/dbwebb-kurser/mvc/me/report/tests/Project/DeckOfCardsTest.php" line="36" assertions="2" time="0.001095"/>
      </testsuite>
      <testsuite name="App\Project\PlayerTest" file="/home/martin/dbwebb-kurser/mvc/me/report/tests/Project/PlayerTest.php" tests="3" assertions="7" errors="0" warnings="0" failures="0" skipped="0" time="0.001574">
        <testcase name="testReset" class="App\Project\PlayerTest" classname="App.Project.PlayerTest" file="/home/martin/dbwebb-kurser/mvc/me/report/tests/Project/PlayerTest.php" line="12" assertions="3" time="0.000555"/>
        <testcase name="testStopPlaying" class="App\Project\PlayerTest" classname="App.Project.PlayerTest" file="/home/martin/dbwebb-kurser/mvc/me/report/tests/Project/PlayerTest.php" line="24" assertions="2" time="0.000503"/>
        <testcase name="testAddCard" class="App\Project\PlayerTest" classname="App.Project.PlayerTest" file="/home/martin/dbwebb-kurser/mvc/me/report/tests/Project/PlayerTest.php" line="35" assertions="2" time="0.000516"/>
      </testsuite>
      <testsuite name="App\Tests\ProjectControllerTest" file="/home/martin/dbwebb-kurser/mvc/me/report/tests/Project/ProjectControllerTest.php" tests="9" assertions="19" errors="0" warnings="0" failures="0" skipped="0" time="3.432718">
        <testcase name="testAboutRoute" class="App\Tests\ProjectControllerTest" classname="App.Tests.ProjectControllerTest" file="/home/martin/dbwebb-kurser/mvc/me/report/tests/Project/ProjectControllerTest.php" line="9" assertions="2" time="3.204535"/>
        <testcase name="testHomeRoute" class="App\Tests\ProjectControllerTest" classname="App.Tests.ProjectControllerTest" file="/home/martin/dbwebb-kurser/mvc/me/report/tests/Project/ProjectControllerTest.php" line="19" assertions="2" time="0.026750"/>
        <testcase name="testTitleInHomeRoute" class="App\Tests\ProjectControllerTest" classname="App.Tests.ProjectControllerTest" file="/home/martin/dbwebb-kurser/mvc/me/report/tests/Project/ProjectControllerTest.php" line="30" assertions="3" time="0.043544"/>
        <testcase name="testTitleInAboutRoute" class="App\Tests\ProjectControllerTest" classname="App.Tests.ProjectControllerTest" file="/home/martin/dbwebb-kurser/mvc/me/report/tests/Project/ProjectControllerTest.php" line="40" assertions="3" time="0.024459"/>
        <testcase name="testH1ExistsHomeRoute" class="App\Tests\ProjectControllerTest" classname="App.Tests.ProjectControllerTest" file="/home/martin/dbwebb-kurser/mvc/me/report/tests/Project/ProjectControllerTest.php" line="50" assertions="2" time="0.025549"/>
        <testcase name="testH1ExistsAboutRoute" class="App\Tests\ProjectControllerTest" classname="App.Tests.ProjectControllerTest" file="/home/martin/dbwebb-kurser/mvc/me/report/tests/Project/ProjectControllerTest.php" line="60" assertions="2" time="0.022674"/>
        <testcase name="testApiRoute" class="App\Tests\ProjectControllerTest" classname="App.Tests.ProjectControllerTest" file="/home/martin/dbwebb-kurser/mvc/me/report/tests/Project/ProjectControllerTest.php" line="71" assertions="2" time="0.024648"/>
        <testcase name="testAboutDatabaseRoute" class="App\Tests\ProjectControllerTest" classname="App.Tests.ProjectControllerTest" file="/home/martin/dbwebb-kurser/mvc/me/report/tests/Project/ProjectControllerTest.php" line="82" assertions="2" time="0.033493"/>
        <testcase name="testGameRoute" class="App\Tests\ProjectControllerTest" classname="App.Tests.ProjectControllerTest" file="/home/martin/dbwebb-kurser/mvc/me/report/tests/Project/ProjectControllerTest.php" line="93" assertions="1" time="0.027067"/>
      </testsuite>
      <testsuite name="App\Tests\ProjectNavigationTest" file="/home/martin/dbwebb-kurser/mvc/me/report/tests/Project/ProjectNavigationTest.php" tests="2" assertions="4" errors="0" warnings="0" failures="0" skipped="0" time="0.087823">
        <testcase name="testAboutLinkInNavigation" class="App\Tests\ProjectNavigationTest" classname="App.Tests.ProjectNavigationTest" file="/home/martin/dbwebb-kurser/mvc/me/report/tests/Project/ProjectNavigationTest.php" line="9" assertions="2" time="0.043275"/>
        <testcase name="testHomeLinkInNavigation" class="App\Tests\ProjectNavigationTest" classname="App.Tests.ProjectNavigationTest" file="/home/martin/dbwebb-kurser/mvc/me/report/tests/Project/ProjectNavigationTest.php" line="24" assertions="2" time="0.044548"/>
      </testsuite>
      <testsuite name="App\Tests\ProjectLoginUnitTest" file="/home/martin/dbwebb-kurser/mvc/me/report/tests/Project/unit/ProjectLoginUnitTest.php" tests="3" assertions="6" errors="0" warnings="0" failures="0" skipped="0" time="0.079239">
        <testcase name="testProjectRouteFormExists" class="App\Tests\ProjectLoginUnitTest" classname="App.Tests.ProjectLoginUnitTest" file="/home/martin/dbwebb-kurser/mvc/me/report/tests/Project/unit/ProjectLoginUnitTest.php" line="9" assertions="3" time="0.030410"/>
        <testcase name="testProjectRouteFormHasCorrectLabel" class="App\Tests\ProjectLoginUnitTest" classname="App.Tests.ProjectLoginUnitTest" file="/home/martin/dbwebb-kurser/mvc/me/report/tests/Project/unit/ProjectLoginUnitTest.php" line="20" assertions="2" time="0.026918"/>
        <testcase name="testProjectRouteFormMethodIsPost" class="App\Tests\ProjectLoginUnitTest" classname="App.Tests.ProjectLoginUnitTest" file="/home/martin/dbwebb-kurser/mvc/me/report/tests/Project/unit/ProjectLoginUnitTest.php" line="29" assertions="1" time="0.021911"/>
      </testsuite>
    </testsuite>
  </testsuite>
</testsuites>
