<?xml version="1.0" encoding="UTF-8"?>
<testsuites>
  <testsuite name="" tests="28" assertions="52" errors="0" warnings="0" failures="0" skipped="0" time="0.059153">
    <testsuite name="Project Test Suite" tests="28" assertions="52" errors="0" warnings="0" failures="0" skipped="0" time="0.059153">
      <testsuite name="BankTest" file="/home/martin/dbwebb-kurser/mvc/me/report/tests/Cards/BankTest.php" tests="3" assertions="3" errors="0" warnings="0" failures="0" skipped="0" time="0.016828">
        <testcase name="testPlayAndReturnPointsNotPlaying" class="BankTest" classname="BankTest" file="/home/martin/dbwebb-kurser/mvc/me/report/tests/Cards/BankTest.php" line="11" assertions="1" time="0.014616">
          <system-out>[A‚ô•][2‚ô•][3‚ô•][4‚ô•][5‚ô•][6‚ô•][7‚ô•][8‚ô•][9‚ô•][10‚ô•][J‚ô•][Q‚ô•][K‚ô•][A‚ô£][2‚ô£][3‚ô£][4‚ô£][5‚ô£][6‚ô£][7‚ô£][8‚ô£][9‚ô£][10‚ô£][J‚ô£][Q‚ô£][K‚ô£][A‚ô¶][2‚ô¶][3‚ô¶][4‚ô¶][5‚ô¶][6‚ô¶][7‚ô¶][8‚ô¶][9‚ô¶][10‚ô¶][J‚ô¶][Q‚ô¶][K‚ô¶][A‚ô†][2‚ô†][3‚ô†][4‚ô†][5‚ô†][6‚ô†][7‚ô†][8‚ô†][9‚ô†][10‚ô†][J‚ô†][Q‚ô†][K‚ô†][A‚ô†][K‚ô†]</system-out>
        </testcase>
        <testcase name="testPlayAndReturnPointsCardHandLessThan17" class="BankTest" classname="BankTest" file="/home/martin/dbwebb-kurser/mvc/me/report/tests/Cards/BankTest.php" line="23" assertions="1" time="0.001349">
          <system-out>[A‚ô•][2‚ô•][3‚ô•][4‚ô•][5‚ô•][6‚ô•][7‚ô•][8‚ô•][9‚ô•][10‚ô•][J‚ô•][Q‚ô•][K‚ô•][A‚ô£][2‚ô£][3‚ô£][4‚ô£][5‚ô£][6‚ô£][7‚ô£][8‚ô£][9‚ô£][10‚ô£][J‚ô£][Q‚ô£][K‚ô£][A‚ô¶][2‚ô¶][3‚ô¶][4‚ô¶][5‚ô¶][6‚ô¶][7‚ô¶][8‚ô¶][9‚ô¶][10‚ô¶][J‚ô¶][Q‚ô¶][K‚ô¶][A‚ô†][2‚ô†][3‚ô†][4‚ô†][5‚ô†][6‚ô†][7‚ô†][8‚ô†][9‚ô†][10‚ô†][J‚ô†][Q‚ô†][K‚ô†][A‚ô†][K‚ô†]</system-out>
        </testcase>
        <testcase name="testPlayAndReturnPointsCardHandMoreThan17" class="BankTest" classname="BankTest" file="/home/martin/dbwebb-kurser/mvc/me/report/tests/Cards/BankTest.php" line="34" assertions="1" time="0.000863">
          <system-out>[A‚ô•][2‚ô•][3‚ô•][4‚ô•][5‚ô•][6‚ô•][7‚ô•][8‚ô•][9‚ô•][10‚ô•][J‚ô•][Q‚ô•][K‚ô•][A‚ô£][2‚ô£][3‚ô£][4‚ô£][5‚ô£][6‚ô£][7‚ô£][8‚ô£][9‚ô£][10‚ô£][J‚ô£][Q‚ô£][K‚ô£][A‚ô¶][2‚ô¶][3‚ô¶][4‚ô¶][5‚ô¶][6‚ô¶][7‚ô¶][8‚ô¶][9‚ô¶][10‚ô¶][J‚ô¶][Q‚ô¶][K‚ô¶][A‚ô†][2‚ô†][3‚ô†][4‚ô†][5‚ô†][6‚ô†][7‚ô†][8‚ô†][9‚ô†][10‚ô†][J‚ô†][Q‚ô†][K‚ô†][5‚ô†][K‚ô†]</system-out>
        </testcase>
      </testsuite>
      <testsuite name="CardHandTest" file="/home/martin/dbwebb-kurser/mvc/me/report/tests/Cards/CardHandTest.php" tests="4" assertions="4" errors="0" warnings="0" failures="0" skipped="0" time="0.003734">
        <testcase name="testGetCardStrings" class="CardHandTest" classname="CardHandTest" file="/home/martin/dbwebb-kurser/mvc/me/report/tests/Cards/CardHandTest.php" line="10" assertions="1" time="0.000583">
          <system-out>[A‚ô†][3‚ô•]</system-out>
        </testcase>
        <testcase name="testGetTotalPoints" class="CardHandTest" classname="CardHandTest" file="/home/martin/dbwebb-kurser/mvc/me/report/tests/Cards/CardHandTest.php" line="23" assertions="1" time="0.000448">
          <system-out>[K‚ô•][Q‚ô¶][5‚ô£]</system-out>
        </testcase>
        <testcase name="testAddCard" class="CardHandTest" classname="CardHandTest" file="/home/martin/dbwebb-kurser/mvc/me/report/tests/Cards/CardHandTest.php" line="37" assertions="1" time="0.000445">
          <system-out>[A‚ô†][K‚ô•]</system-out>
        </testcase>
        <testcase name="testInvalidCard" class="CardHandTest" classname="CardHandTest" file="/home/martin/dbwebb-kurser/mvc/me/report/tests/Cards/CardHandTest.php" line="51" assertions="1" time="0.002258">
          <system-out>[A‚ô†]</system-out>
        </testcase>
      </testsuite>
      <testsuite name="App\Cards\CardTest" file="/home/martin/dbwebb-kurser/mvc/me/report/tests/Cards/CardTest.php" tests="5" assertions="5" errors="0" warnings="0" failures="0" skipped="0" time="0.003430">
        <testcase name="testValidCard" class="App\Cards\CardTest" classname="App.Cards.CardTest" file="/home/martin/dbwebb-kurser/mvc/me/report/tests/Cards/CardTest.php" line="18" assertions="1" time="0.001474">
          <system-out>[2‚ô•]</system-out>
        </testcase>
        <testcase name="testInvalidSuit" class="App\Cards\CardTest" classname="App.Cards.CardTest" file="/home/martin/dbwebb-kurser/mvc/me/report/tests/Cards/CardTest.php" line="28" assertions="1" time="0.000518"/>
        <testcase name="testInvalidValue" class="App\Cards\CardTest" classname="App.Cards.CardTest" file="/home/martin/dbwebb-kurser/mvc/me/report/tests/Cards/CardTest.php" line="38" assertions="1" time="0.000489"/>
        <testcase name="testGetCardString" class="App\Cards\CardTest" classname="App.Cards.CardTest" file="/home/martin/dbwebb-kurser/mvc/me/report/tests/Cards/CardTest.php" line="47" assertions="1" time="0.000509">
          <system-out>[J‚ô£]</system-out>
        </testcase>
        <testcase name="testSetPoints" class="App\Cards\CardTest" classname="App.Cards.CardTest" file="/home/martin/dbwebb-kurser/mvc/me/report/tests/Cards/CardTest.php" line="56" assertions="1" time="0.000441">
          <system-out>[4‚ô¶]</system-out>
        </testcase>
      </testsuite>
      <testsuite name="App\Cards\DeckOfCardsTest" file="/home/martin/dbwebb-kurser/mvc/me/report/tests/Cards/DeckOfCardsTest.php" tests="4" assertions="5" errors="0" warnings="0" failures="0" skipped="0" time="0.015825">
        <testcase name="testGetCardStrings" class="App\Cards\DeckOfCardsTest" classname="App.Cards.DeckOfCardsTest" file="/home/martin/dbwebb-kurser/mvc/me/report/tests/Cards/DeckOfCardsTest.php" line="10" assertions="1" time="0.002225">
          <system-out>[A‚ô•][2‚ô•][3‚ô•][4‚ô•][5‚ô•][6‚ô•][7‚ô•][8‚ô•][9‚ô•][10‚ô•][J‚ô•][Q‚ô•][K‚ô•][A‚ô£][2‚ô£][3‚ô£][4‚ô£][5‚ô£][6‚ô£][7‚ô£][8‚ô£][9‚ô£][10‚ô£][J‚ô£][Q‚ô£][K‚ô£][A‚ô¶][2‚ô¶][3‚ô¶][4‚ô¶][5‚ô¶][6‚ô¶][7‚ô¶][8‚ô¶][9‚ô¶][10‚ô¶][J‚ô¶][Q‚ô¶][K‚ô¶][A‚ô†][2‚ô†][3‚ô†][4‚ô†][5‚ô†][6‚ô†][7‚ô†][8‚ô†][9‚ô†][10‚ô†][J‚ô†][Q‚ô†][K‚ô†]</system-out>
        </testcase>
        <testcase name="testShuffleDeck" class="App\Cards\DeckOfCardsTest" classname="App.Cards.DeckOfCardsTest" file="/home/martin/dbwebb-kurser/mvc/me/report/tests/Cards/DeckOfCardsTest.php" line="17" assertions="1" time="0.011703">
          <system-out>[A‚ô•][2‚ô•][3‚ô•][4‚ô•][5‚ô•][6‚ô•][7‚ô•][8‚ô•][9‚ô•][10‚ô•][J‚ô•][Q‚ô•][K‚ô•][A‚ô£][2‚ô£][3‚ô£][4‚ô£][5‚ô£][6‚ô£][7‚ô£][8‚ô£][9‚ô£][10‚ô£][J‚ô£][Q‚ô£][K‚ô£][A‚ô¶][2‚ô¶][3‚ô¶][4‚ô¶][5‚ô¶][6‚ô¶][7‚ô¶][8‚ô¶][9‚ô¶][10‚ô¶][J‚ô¶][Q‚ô¶][K‚ô¶][A‚ô†][2‚ô†][3‚ô†][4‚ô†][5‚ô†][6‚ô†][7‚ô†][8‚ô†][9‚ô†][10‚ô†][J‚ô†][Q‚ô†][K‚ô†]</system-out>
        </testcase>
        <testcase name="testGetNumCards" class="App\Cards\DeckOfCardsTest" classname="App.Cards.DeckOfCardsTest" file="/home/martin/dbwebb-kurser/mvc/me/report/tests/Cards/DeckOfCardsTest.php" line="28" assertions="1" time="0.000834">
          <system-out>[A‚ô•][2‚ô•][3‚ô•][4‚ô•][5‚ô•][6‚ô•][7‚ô•][8‚ô•][9‚ô•][10‚ô•][J‚ô•][Q‚ô•][K‚ô•][A‚ô£][2‚ô£][3‚ô£][4‚ô£][5‚ô£][6‚ô£][7‚ô£][8‚ô£][9‚ô£][10‚ô£][J‚ô£][Q‚ô£][K‚ô£][A‚ô¶][2‚ô¶][3‚ô¶][4‚ô¶][5‚ô¶][6‚ô¶][7‚ô¶][8‚ô¶][9‚ô¶][10‚ô¶][J‚ô¶][Q‚ô¶][K‚ô¶][A‚ô†][2‚ô†][3‚ô†][4‚ô†][5‚ô†][6‚ô†][7‚ô†][8‚ô†][9‚ô†][10‚ô†][J‚ô†][Q‚ô†][K‚ô†]</system-out>
        </testcase>
        <testcase name="testDrawCards" class="App\Cards\DeckOfCardsTest" classname="App.Cards.DeckOfCardsTest" file="/home/martin/dbwebb-kurser/mvc/me/report/tests/Cards/DeckOfCardsTest.php" line="36" assertions="2" time="0.001063">
          <system-out>[A‚ô•][2‚ô•][3‚ô•][4‚ô•][5‚ô•][6‚ô•][7‚ô•][8‚ô•][9‚ô•][10‚ô•][J‚ô•][Q‚ô•][K‚ô•][A‚ô£][2‚ô£][3‚ô£][4‚ô£][5‚ô£][6‚ô£][7‚ô£][8‚ô£][9‚ô£][10‚ô£][J‚ô£][Q‚ô£][K‚ô£][A‚ô¶][2‚ô¶][3‚ô¶][4‚ô¶][5‚ô¶][6‚ô¶][7‚ô¶][8‚ô¶][9‚ô¶][10‚ô¶][J‚ô¶][Q‚ô¶][K‚ô¶][A‚ô†][2‚ô†][3‚ô†][4‚ô†][5‚ô†][6‚ô†][7‚ô†][8‚ô†][9‚ô†][10‚ô†][J‚ô†][Q‚ô†][K‚ô†]</system-out>
        </testcase>
      </testsuite>
      <testsuite name="JokerDeckOfCardsTest" file="/home/martin/dbwebb-kurser/mvc/me/report/tests/Cards/JokerDeckOfCardsTest.php" tests="2" assertions="8" errors="0" warnings="0" failures="0" skipped="0" time="0.002691">
        <testcase name="testConstructorWithDefaultNumJokers" class="JokerDeckOfCardsTest" classname="JokerDeckOfCardsTest" file="/home/martin/dbwebb-kurser/mvc/me/report/tests/Cards/JokerDeckOfCardsTest.php" line="9" assertions="3" time="0.001460">
          <system-out>[A‚ô•][2‚ô•][3‚ô•][4‚ô•][5‚ô•][6‚ô•][7‚ô•][8‚ô•][9‚ô•][10‚ô•][J‚ô•][Q‚ô•][K‚ô•][A‚ô£][2‚ô£][3‚ô£][4‚ô£][5‚ô£][6‚ô£][7‚ô£][8‚ô£][9‚ô£][10‚ô£][J‚ô£][Q‚ô£][K‚ô£][A‚ô¶][2‚ô¶][3‚ô¶][4‚ô¶][5‚ô¶][6‚ô¶][7‚ô¶][8‚ô¶][9‚ô¶][10‚ô¶][J‚ô¶][Q‚ô¶][K‚ô¶][A‚ô†][2‚ô†][3‚ô†][4‚ô†][5‚ô†][6‚ô†][7‚ô†][8‚ô†][9‚ô†][10‚ô†][J‚ô†][Q‚ô†][K‚ô†][üÉè][üÉè]</system-out>
        </testcase>
        <testcase name="testConstructorWithCustomNumJokers" class="JokerDeckOfCardsTest" classname="JokerDeckOfCardsTest" file="/home/martin/dbwebb-kurser/mvc/me/report/tests/Cards/JokerDeckOfCardsTest.php" line="21" assertions="5" time="0.001230">
          <system-out>[A‚ô•][2‚ô•][3‚ô•][4‚ô•][5‚ô•][6‚ô•][7‚ô•][8‚ô•][9‚ô•][10‚ô•][J‚ô•][Q‚ô•][K‚ô•][A‚ô£][2‚ô£][3‚ô£][4‚ô£][5‚ô£][6‚ô£][7‚ô£][8‚ô£][9‚ô£][10‚ô£][J‚ô£][Q‚ô£][K‚ô£][A‚ô¶][2‚ô¶][3‚ô¶][4‚ô¶][5‚ô¶][6‚ô¶][7‚ô¶][8‚ô¶][9‚ô¶][10‚ô¶][J‚ô¶][Q‚ô¶][K‚ô¶][A‚ô†][2‚ô†][3‚ô†][4‚ô†][5‚ô†][6‚ô†][7‚ô†][8‚ô†][9‚ô†][10‚ô†][J‚ô†][Q‚ô†][K‚ô†][üÉè][üÉè][üÉè][üÉè]</system-out>
        </testcase>
      </testsuite>
      <testsuite name="PlayerTest" file="/home/martin/dbwebb-kurser/mvc/me/report/tests/Cards/PlayerTest.php" tests="3" assertions="7" errors="0" warnings="0" failures="0" skipped="0" time="0.004790">
        <testcase name="testReset" class="PlayerTest" classname="PlayerTest" file="/home/martin/dbwebb-kurser/mvc/me/report/tests/Cards/PlayerTest.php" line="10" assertions="3" time="0.000896"/>
        <testcase name="testStopPlaying" class="PlayerTest" classname="PlayerTest" file="/home/martin/dbwebb-kurser/mvc/me/report/tests/Cards/PlayerTest.php" line="22" assertions="2" time="0.002520"/>
        <testcase name="testAddCard" class="PlayerTest" classname="PlayerTest" file="/home/martin/dbwebb-kurser/mvc/me/report/tests/Cards/PlayerTest.php" line="33" assertions="2" time="0.001374">
          <system-out>[A‚ô†]</system-out>
        </testcase>
      </testsuite>
      <testsuite name="App\Cards\TwentyOneGameTest" file="/home/martin/dbwebb-kurser/mvc/me/report/tests/Cards/TwentyOneGameTest.php" tests="7" assertions="20" errors="0" warnings="0" failures="0" skipped="0" time="0.011856">
        <testcase name="testPlayGamePlayerBusts" class="App\Cards\TwentyOneGameTest" classname="App.Cards.TwentyOneGameTest" file="/home/martin/dbwebb-kurser/mvc/me/report/tests/Cards/TwentyOneGameTest.php" line="14" assertions="5" time="0.002909">
          <system-out>[A‚ô•][2‚ô•][3‚ô•][4‚ô•][5‚ô•][6‚ô•][7‚ô•][8‚ô•][9‚ô•][10‚ô•][J‚ô•][Q‚ô•][K‚ô•][A‚ô£][2‚ô£][3‚ô£][4‚ô£][5‚ô£][6‚ô£][7‚ô£][8‚ô£][9‚ô£][10‚ô£][J‚ô£][Q‚ô£][K‚ô£][A‚ô¶][2‚ô¶][3‚ô¶][4‚ô¶][5‚ô¶][6‚ô¶][7‚ô¶][8‚ô¶][9‚ô¶][10‚ô¶][J‚ô¶][Q‚ô¶][K‚ô¶][A‚ô†][2‚ô†][3‚ô†][4‚ô†][5‚ô†][6‚ô†][7‚ô†][8‚ô†][9‚ô†][10‚ô†][J‚ô†][Q‚ô†][K‚ô†][K‚ô†][K‚ô†]</system-out>
        </testcase>
        <testcase name="testPlayGamePlayerIsPlaying" class="App\Cards\TwentyOneGameTest" classname="App.Cards.TwentyOneGameTest" file="/home/martin/dbwebb-kurser/mvc/me/report/tests/Cards/TwentyOneGameTest.php" line="34" assertions="1" time="0.001444">
          <system-out>[A‚ô•][2‚ô•][3‚ô•][4‚ô•][5‚ô•][6‚ô•][7‚ô•][8‚ô•][9‚ô•][10‚ô•][J‚ô•][Q‚ô•][K‚ô•][A‚ô£][2‚ô£][3‚ô£][4‚ô£][5‚ô£][6‚ô£][7‚ô£][8‚ô£][9‚ô£][10‚ô£][J‚ô£][Q‚ô£][K‚ô£][A‚ô¶][2‚ô¶][3‚ô¶][4‚ô¶][5‚ô¶][6‚ô¶][7‚ô¶][8‚ô¶][9‚ô¶][10‚ô¶][J‚ô¶][Q‚ô¶][K‚ô¶][A‚ô†][2‚ô†][3‚ô†][4‚ô†][5‚ô†][6‚ô†][7‚ô†][8‚ô†][9‚ô†][10‚ô†][J‚ô†][Q‚ô†][K‚ô†]</system-out>
        </testcase>
        <testcase name="testPlayGameBankBusts" class="App\Cards\TwentyOneGameTest" classname="App.Cards.TwentyOneGameTest" file="/home/martin/dbwebb-kurser/mvc/me/report/tests/Cards/TwentyOneGameTest.php" line="46" assertions="4" time="0.001142">
          <system-out>[A‚ô•][2‚ô•][3‚ô•][4‚ô•][5‚ô•][6‚ô•][7‚ô•][8‚ô•][9‚ô•][10‚ô•][J‚ô•][Q‚ô•][K‚ô•][A‚ô£][2‚ô£][3‚ô£][4‚ô£][5‚ô£][6‚ô£][7‚ô£][8‚ô£][9‚ô£][10‚ô£][J‚ô£][Q‚ô£][K‚ô£][A‚ô¶][2‚ô¶][3‚ô¶][4‚ô¶][5‚ô¶][6‚ô¶][7‚ô¶][8‚ô¶][9‚ô¶][10‚ô¶][J‚ô¶][Q‚ô¶][K‚ô¶][A‚ô†][2‚ô†][3‚ô†][4‚ô†][5‚ô†][6‚ô†][7‚ô†][8‚ô†][9‚ô†][10‚ô†][J‚ô†][Q‚ô†][K‚ô†][K‚ô†][8‚ô†][K‚ô†][K‚ô†]</system-out>
        </testcase>
        <testcase name="testPlayGameBankWins" class="App\Cards\TwentyOneGameTest" classname="App.Cards.TwentyOneGameTest" file="/home/martin/dbwebb-kurser/mvc/me/report/tests/Cards/TwentyOneGameTest.php" line="69" assertions="4" time="0.001116">
          <system-out>[A‚ô•][2‚ô•][3‚ô•][4‚ô•][5‚ô•][6‚ô•][7‚ô•][8‚ô•][9‚ô•][10‚ô•][J‚ô•][Q‚ô•][K‚ô•][A‚ô£][2‚ô£][3‚ô£][4‚ô£][5‚ô£][6‚ô£][7‚ô£][8‚ô£][9‚ô£][10‚ô£][J‚ô£][Q‚ô£][K‚ô£][A‚ô¶][2‚ô¶][3‚ô¶][4‚ô¶][5‚ô¶][6‚ô¶][7‚ô¶][8‚ô¶][9‚ô¶][10‚ô¶][J‚ô¶][Q‚ô¶][K‚ô¶][A‚ô†][2‚ô†][3‚ô†][4‚ô†][5‚ô†][6‚ô†][7‚ô†][8‚ô†][9‚ô†][10‚ô†][J‚ô†][Q‚ô†][K‚ô†][10‚ô†][8‚ô†][J‚ô†][10‚ô†]</system-out>
        </testcase>
        <testcase name="testPlayGamePlayerWins" class="App\Cards\TwentyOneGameTest" classname="App.Cards.TwentyOneGameTest" file="/home/martin/dbwebb-kurser/mvc/me/report/tests/Cards/TwentyOneGameTest.php" line="92" assertions="4" time="0.001113">
          <system-out>[A‚ô•][2‚ô•][3‚ô•][4‚ô•][5‚ô•][6‚ô•][7‚ô•][8‚ô•][9‚ô•][10‚ô•][J‚ô•][Q‚ô•][K‚ô•][A‚ô£][2‚ô£][3‚ô£][4‚ô£][5‚ô£][6‚ô£][7‚ô£][8‚ô£][9‚ô£][10‚ô£][J‚ô£][Q‚ô£][K‚ô£][A‚ô¶][2‚ô¶][3‚ô¶][4‚ô¶][5‚ô¶][6‚ô¶][7‚ô¶][8‚ô¶][9‚ô¶][10‚ô¶][J‚ô¶][Q‚ô¶][K‚ô¶][A‚ô†][2‚ô†][3‚ô†][4‚ô†][5‚ô†][6‚ô†][7‚ô†][8‚ô†][9‚ô†][10‚ô†][J‚ô†][Q‚ô†][K‚ô†][10‚ô†][8‚ô†][10‚ô†][7‚ô†]</system-out>
        </testcase>
        <testcase name="testGetGameState" class="App\Cards\TwentyOneGameTest" classname="App.Cards.TwentyOneGameTest" file="/home/martin/dbwebb-kurser/mvc/me/report/tests/Cards/TwentyOneGameTest.php" line="115" assertions="1" time="0.002019">
          <system-out>[A‚ô•][2‚ô•][3‚ô•][4‚ô•][5‚ô•][6‚ô•][7‚ô•][8‚ô•][9‚ô•][10‚ô•][J‚ô•][Q‚ô•][K‚ô•][A‚ô£][2‚ô£][3‚ô£][4‚ô£][5‚ô£][6‚ô£][7‚ô£][8‚ô£][9‚ô£][10‚ô£][J‚ô£][Q‚ô£][K‚ô£][A‚ô¶][2‚ô¶][3‚ô¶][4‚ô¶][5‚ô¶][6‚ô¶][7‚ô¶][8‚ô¶][9‚ô¶][10‚ô¶][J‚ô¶][Q‚ô¶][K‚ô¶][A‚ô†][2‚ô†][3‚ô†][4‚ô†][5‚ô†][6‚ô†][7‚ô†][8‚ô†][9‚ô†][10‚ô†][J‚ô†][Q‚ô†][K‚ô†]</system-out>
        </testcase>
        <testcase name="testStopPlayerPlaying" class="App\Cards\TwentyOneGameTest" classname="App.Cards.TwentyOneGameTest" file="/home/martin/dbwebb-kurser/mvc/me/report/tests/Cards/TwentyOneGameTest.php" line="127" assertions="1" time="0.002113">
          <system-out>[A‚ô•][2‚ô•][3‚ô•][4‚ô•][5‚ô•][6‚ô•][7‚ô•][8‚ô•][9‚ô•][10‚ô•][J‚ô•][Q‚ô•][K‚ô•][A‚ô£][2‚ô£][3‚ô£][4‚ô£][5‚ô£][6‚ô£][7‚ô£][8‚ô£][9‚ô£][10‚ô£][J‚ô£][Q‚ô£][K‚ô£][A‚ô¶][2‚ô¶][3‚ô¶][4‚ô¶][5‚ô¶][6‚ô¶][7‚ô¶][8‚ô¶][9‚ô¶][10‚ô¶][J‚ô¶][Q‚ô¶][K‚ô¶][A‚ô†][2‚ô†][3‚ô†][4‚ô†][5‚ô†][6‚ô†][7‚ô†][8‚ô†][9‚ô†][10‚ô†][J‚ô†][Q‚ô†][K‚ô†]</system-out>
        </testcase>
      </testsuite>
    </testsuite>
  </testsuite>
</testsuites>
