<?xml version="1.0" encoding="UTF-8"?>
<testsuites>
  <testsuite name="" tests="85" assertions="144" errors="0" warnings="0" failures="0" skipped="0" time="0.869999">
    <testsuite name="Project Test Suite" tests="85" assertions="144" errors="0" warnings="0" failures="0" skipped="0" time="0.869999">
      <testsuite name="BankTest" file="/home/martin/dbwebb-kurser/mvc/me/report/tests/Cards/BankTest.php" tests="3" assertions="3" errors="0" warnings="0" failures="0" skipped="0" time="0.015724">
        <testcase name="testPlayAndReturnPointsNotPlaying" class="BankTest" classname="BankTest" file="/home/martin/dbwebb-kurser/mvc/me/report/tests/Cards/BankTest.php" line="11" assertions="1" time="0.013269">
          <system-out>[A‚ô•][2‚ô•][3‚ô•][4‚ô•][5‚ô•][6‚ô•][7‚ô•][8‚ô•][9‚ô•][10‚ô•][J‚ô•][Q‚ô•][K‚ô•][A‚ô£][2‚ô£][3‚ô£][4‚ô£][5‚ô£][6‚ô£][7‚ô£][8‚ô£][9‚ô£][10‚ô£][J‚ô£][Q‚ô£][K‚ô£][A‚ô¶][2‚ô¶][3‚ô¶][4‚ô¶][5‚ô¶][6‚ô¶][7‚ô¶][8‚ô¶][9‚ô¶][10‚ô¶][J‚ô¶][Q‚ô¶][K‚ô¶][A‚ô†][2‚ô†][3‚ô†][4‚ô†][5‚ô†][6‚ô†][7‚ô†][8‚ô†][9‚ô†][10‚ô†][J‚ô†][Q‚ô†][K‚ô†][A‚ô†][K‚ô†]</system-out>
        </testcase>
        <testcase name="testPlayAndReturnPointsCardHandLessThan17" class="BankTest" classname="BankTest" file="/home/martin/dbwebb-kurser/mvc/me/report/tests/Cards/BankTest.php" line="23" assertions="1" time="0.001484">
          <system-out>[A‚ô•][2‚ô•][3‚ô•][4‚ô•][5‚ô•][6‚ô•][7‚ô•][8‚ô•][9‚ô•][10‚ô•][J‚ô•][Q‚ô•][K‚ô•][A‚ô£][2‚ô£][3‚ô£][4‚ô£][5‚ô£][6‚ô£][7‚ô£][8‚ô£][9‚ô£][10‚ô£][J‚ô£][Q‚ô£][K‚ô£][A‚ô¶][2‚ô¶][3‚ô¶][4‚ô¶][5‚ô¶][6‚ô¶][7‚ô¶][8‚ô¶][9‚ô¶][10‚ô¶][J‚ô¶][Q‚ô¶][K‚ô¶][A‚ô†][2‚ô†][3‚ô†][4‚ô†][5‚ô†][6‚ô†][7‚ô†][8‚ô†][9‚ô†][10‚ô†][J‚ô†][Q‚ô†][K‚ô†][A‚ô†][K‚ô†]</system-out>
        </testcase>
        <testcase name="testPlayAndReturnPointsCardHandMoreThan17" class="BankTest" classname="BankTest" file="/home/martin/dbwebb-kurser/mvc/me/report/tests/Cards/BankTest.php" line="34" assertions="1" time="0.000971">
          <system-out>[A‚ô•][2‚ô•][3‚ô•][4‚ô•][5‚ô•][6‚ô•][7‚ô•][8‚ô•][9‚ô•][10‚ô•][J‚ô•][Q‚ô•][K‚ô•][A‚ô£][2‚ô£][3‚ô£][4‚ô£][5‚ô£][6‚ô£][7‚ô£][8‚ô£][9‚ô£][10‚ô£][J‚ô£][Q‚ô£][K‚ô£][A‚ô¶][2‚ô¶][3‚ô¶][4‚ô¶][5‚ô¶][6‚ô¶][7‚ô¶][8‚ô¶][9‚ô¶][10‚ô¶][J‚ô¶][Q‚ô¶][K‚ô¶][A‚ô†][2‚ô†][3‚ô†][4‚ô†][5‚ô†][6‚ô†][7‚ô†][8‚ô†][9‚ô†][10‚ô†][J‚ô†][Q‚ô†][K‚ô†][5‚ô†][K‚ô†]</system-out>
        </testcase>
      </testsuite>
      <testsuite name="CardHandTest" file="/home/martin/dbwebb-kurser/mvc/me/report/tests/Cards/CardHandTest.php" tests="4" assertions="4" errors="0" warnings="0" failures="0" skipped="0" time="0.003884">
        <testcase name="testGetCardStrings" class="CardHandTest" classname="CardHandTest" file="/home/martin/dbwebb-kurser/mvc/me/report/tests/Cards/CardHandTest.php" line="10" assertions="1" time="0.000450">
          <system-out>[A‚ô†][3‚ô•]</system-out>
        </testcase>
        <testcase name="testGetTotalPoints" class="CardHandTest" classname="CardHandTest" file="/home/martin/dbwebb-kurser/mvc/me/report/tests/Cards/CardHandTest.php" line="23" assertions="1" time="0.000454">
          <system-out>[K‚ô•][Q‚ô¶][5‚ô£]</system-out>
        </testcase>
        <testcase name="testAddCard" class="CardHandTest" classname="CardHandTest" file="/home/martin/dbwebb-kurser/mvc/me/report/tests/Cards/CardHandTest.php" line="37" assertions="1" time="0.000453">
          <system-out>[A‚ô†][K‚ô•]</system-out>
        </testcase>
        <testcase name="testInvalidCard" class="CardHandTest" classname="CardHandTest" file="/home/martin/dbwebb-kurser/mvc/me/report/tests/Cards/CardHandTest.php" line="51" assertions="1" time="0.002527">
          <system-out>[A‚ô†]</system-out>
        </testcase>
      </testsuite>
      <testsuite name="App\Cards\CardTest" file="/home/martin/dbwebb-kurser/mvc/me/report/tests/Cards/CardTest.php" tests="5" assertions="5" errors="0" warnings="0" failures="0" skipped="0" time="0.003973">
        <testcase name="testValidCard" class="App\Cards\CardTest" classname="App.Cards.CardTest" file="/home/martin/dbwebb-kurser/mvc/me/report/tests/Cards/CardTest.php" line="18" assertions="1" time="0.001109">
          <system-out>[2‚ô•]</system-out>
        </testcase>
        <testcase name="testInvalidSuit" class="App\Cards\CardTest" classname="App.Cards.CardTest" file="/home/martin/dbwebb-kurser/mvc/me/report/tests/Cards/CardTest.php" line="28" assertions="1" time="0.000524"/>
        <testcase name="testInvalidValue" class="App\Cards\CardTest" classname="App.Cards.CardTest" file="/home/martin/dbwebb-kurser/mvc/me/report/tests/Cards/CardTest.php" line="38" assertions="1" time="0.000467"/>
        <testcase name="testGetCardString" class="App\Cards\CardTest" classname="App.Cards.CardTest" file="/home/martin/dbwebb-kurser/mvc/me/report/tests/Cards/CardTest.php" line="47" assertions="1" time="0.000806">
          <system-out>[J‚ô£]</system-out>
        </testcase>
        <testcase name="testSetPoints" class="App\Cards\CardTest" classname="App.Cards.CardTest" file="/home/martin/dbwebb-kurser/mvc/me/report/tests/Cards/CardTest.php" line="56" assertions="1" time="0.001067">
          <system-out>[4‚ô¶]</system-out>
        </testcase>
      </testsuite>
      <testsuite name="App\Cards\DeckOfCardsTest" file="/home/martin/dbwebb-kurser/mvc/me/report/tests/Cards/DeckOfCardsTest.php" tests="4" assertions="5" errors="0" warnings="0" failures="0" skipped="0" time="0.014395">
        <testcase name="testGetCardStrings" class="App\Cards\DeckOfCardsTest" classname="App.Cards.DeckOfCardsTest" file="/home/martin/dbwebb-kurser/mvc/me/report/tests/Cards/DeckOfCardsTest.php" line="10" assertions="1" time="0.001985">
          <system-out>[A‚ô•][2‚ô•][3‚ô•][4‚ô•][5‚ô•][6‚ô•][7‚ô•][8‚ô•][9‚ô•][10‚ô•][J‚ô•][Q‚ô•][K‚ô•][A‚ô£][2‚ô£][3‚ô£][4‚ô£][5‚ô£][6‚ô£][7‚ô£][8‚ô£][9‚ô£][10‚ô£][J‚ô£][Q‚ô£][K‚ô£][A‚ô¶][2‚ô¶][3‚ô¶][4‚ô¶][5‚ô¶][6‚ô¶][7‚ô¶][8‚ô¶][9‚ô¶][10‚ô¶][J‚ô¶][Q‚ô¶][K‚ô¶][A‚ô†][2‚ô†][3‚ô†][4‚ô†][5‚ô†][6‚ô†][7‚ô†][8‚ô†][9‚ô†][10‚ô†][J‚ô†][Q‚ô†][K‚ô†]</system-out>
        </testcase>
        <testcase name="testShuffleDeck" class="App\Cards\DeckOfCardsTest" classname="App.Cards.DeckOfCardsTest" file="/home/martin/dbwebb-kurser/mvc/me/report/tests/Cards/DeckOfCardsTest.php" line="17" assertions="1" time="0.010632">
          <system-out>[A‚ô•][2‚ô•][3‚ô•][4‚ô•][5‚ô•][6‚ô•][7‚ô•][8‚ô•][9‚ô•][10‚ô•][J‚ô•][Q‚ô•][K‚ô•][A‚ô£][2‚ô£][3‚ô£][4‚ô£][5‚ô£][6‚ô£][7‚ô£][8‚ô£][9‚ô£][10‚ô£][J‚ô£][Q‚ô£][K‚ô£][A‚ô¶][2‚ô¶][3‚ô¶][4‚ô¶][5‚ô¶][6‚ô¶][7‚ô¶][8‚ô¶][9‚ô¶][10‚ô¶][J‚ô¶][Q‚ô¶][K‚ô¶][A‚ô†][2‚ô†][3‚ô†][4‚ô†][5‚ô†][6‚ô†][7‚ô†][8‚ô†][9‚ô†][10‚ô†][J‚ô†][Q‚ô†][K‚ô†]</system-out>
        </testcase>
        <testcase name="testGetNumCards" class="App\Cards\DeckOfCardsTest" classname="App.Cards.DeckOfCardsTest" file="/home/martin/dbwebb-kurser/mvc/me/report/tests/Cards/DeckOfCardsTest.php" line="28" assertions="1" time="0.000833">
          <system-out>[A‚ô•][2‚ô•][3‚ô•][4‚ô•][5‚ô•][6‚ô•][7‚ô•][8‚ô•][9‚ô•][10‚ô•][J‚ô•][Q‚ô•][K‚ô•][A‚ô£][2‚ô£][3‚ô£][4‚ô£][5‚ô£][6‚ô£][7‚ô£][8‚ô£][9‚ô£][10‚ô£][J‚ô£][Q‚ô£][K‚ô£][A‚ô¶][2‚ô¶][3‚ô¶][4‚ô¶][5‚ô¶][6‚ô¶][7‚ô¶][8‚ô¶][9‚ô¶][10‚ô¶][J‚ô¶][Q‚ô¶][K‚ô¶][A‚ô†][2‚ô†][3‚ô†][4‚ô†][5‚ô†][6‚ô†][7‚ô†][8‚ô†][9‚ô†][10‚ô†][J‚ô†][Q‚ô†][K‚ô†]</system-out>
        </testcase>
        <testcase name="testDrawCards" class="App\Cards\DeckOfCardsTest" classname="App.Cards.DeckOfCardsTest" file="/home/martin/dbwebb-kurser/mvc/me/report/tests/Cards/DeckOfCardsTest.php" line="36" assertions="2" time="0.000945">
          <system-out>[A‚ô•][2‚ô•][3‚ô•][4‚ô•][5‚ô•][6‚ô•][7‚ô•][8‚ô•][9‚ô•][10‚ô•][J‚ô•][Q‚ô•][K‚ô•][A‚ô£][2‚ô£][3‚ô£][4‚ô£][5‚ô£][6‚ô£][7‚ô£][8‚ô£][9‚ô£][10‚ô£][J‚ô£][Q‚ô£][K‚ô£][A‚ô¶][2‚ô¶][3‚ô¶][4‚ô¶][5‚ô¶][6‚ô¶][7‚ô¶][8‚ô¶][9‚ô¶][10‚ô¶][J‚ô¶][Q‚ô¶][K‚ô¶][A‚ô†][2‚ô†][3‚ô†][4‚ô†][5‚ô†][6‚ô†][7‚ô†][8‚ô†][9‚ô†][10‚ô†][J‚ô†][Q‚ô†][K‚ô†]</system-out>
        </testcase>
      </testsuite>
      <testsuite name="JokerDeckOfCardsTest" file="/home/martin/dbwebb-kurser/mvc/me/report/tests/Cards/JokerDeckOfCardsTest.php" tests="2" assertions="8" errors="0" warnings="0" failures="0" skipped="0" time="0.003584">
        <testcase name="testConstructorWithDefaultNumJokers" class="JokerDeckOfCardsTest" classname="JokerDeckOfCardsTest" file="/home/martin/dbwebb-kurser/mvc/me/report/tests/Cards/JokerDeckOfCardsTest.php" line="9" assertions="3" time="0.001694">
          <system-out>[A‚ô•][2‚ô•][3‚ô•][4‚ô•][5‚ô•][6‚ô•][7‚ô•][8‚ô•][9‚ô•][10‚ô•][J‚ô•][Q‚ô•][K‚ô•][A‚ô£][2‚ô£][3‚ô£][4‚ô£][5‚ô£][6‚ô£][7‚ô£][8‚ô£][9‚ô£][10‚ô£][J‚ô£][Q‚ô£][K‚ô£][A‚ô¶][2‚ô¶][3‚ô¶][4‚ô¶][5‚ô¶][6‚ô¶][7‚ô¶][8‚ô¶][9‚ô¶][10‚ô¶][J‚ô¶][Q‚ô¶][K‚ô¶][A‚ô†][2‚ô†][3‚ô†][4‚ô†][5‚ô†][6‚ô†][7‚ô†][8‚ô†][9‚ô†][10‚ô†][J‚ô†][Q‚ô†][K‚ô†][üÉè][üÉè]</system-out>
        </testcase>
        <testcase name="testConstructorWithCustomNumJokers" class="JokerDeckOfCardsTest" classname="JokerDeckOfCardsTest" file="/home/martin/dbwebb-kurser/mvc/me/report/tests/Cards/JokerDeckOfCardsTest.php" line="21" assertions="5" time="0.001890">
          <system-out>[A‚ô•][2‚ô•][3‚ô•][4‚ô•][5‚ô•][6‚ô•][7‚ô•][8‚ô•][9‚ô•][10‚ô•][J‚ô•][Q‚ô•][K‚ô•][A‚ô£][2‚ô£][3‚ô£][4‚ô£][5‚ô£][6‚ô£][7‚ô£][8‚ô£][9‚ô£][10‚ô£][J‚ô£][Q‚ô£][K‚ô£][A‚ô¶][2‚ô¶][3‚ô¶][4‚ô¶][5‚ô¶][6‚ô¶][7‚ô¶][8‚ô¶][9‚ô¶][10‚ô¶][J‚ô¶][Q‚ô¶][K‚ô¶][A‚ô†][2‚ô†][3‚ô†][4‚ô†][5‚ô†][6‚ô†][7‚ô†][8‚ô†][9‚ô†][10‚ô†][J‚ô†][Q‚ô†][K‚ô†][üÉè][üÉè][üÉè][üÉè]</system-out>
        </testcase>
      </testsuite>
      <testsuite name="PlayerTest" file="/home/martin/dbwebb-kurser/mvc/me/report/tests/Cards/PlayerTest.php" tests="3" assertions="7" errors="0" warnings="0" failures="0" skipped="0" time="0.003953">
        <testcase name="testReset" class="PlayerTest" classname="PlayerTest" file="/home/martin/dbwebb-kurser/mvc/me/report/tests/Cards/PlayerTest.php" line="10" assertions="3" time="0.000621"/>
        <testcase name="testStopPlaying" class="PlayerTest" classname="PlayerTest" file="/home/martin/dbwebb-kurser/mvc/me/report/tests/Cards/PlayerTest.php" line="22" assertions="2" time="0.002600"/>
        <testcase name="testAddCard" class="PlayerTest" classname="PlayerTest" file="/home/martin/dbwebb-kurser/mvc/me/report/tests/Cards/PlayerTest.php" line="33" assertions="2" time="0.000732">
          <system-out>[A‚ô†]</system-out>
        </testcase>
      </testsuite>
      <testsuite name="App\Cards\TwentyOneGameTest" file="/home/martin/dbwebb-kurser/mvc/me/report/tests/Cards/TwentyOneGameTest.php" tests="9" assertions="26" errors="0" warnings="0" failures="0" skipped="0" time="0.015863">
        <testcase name="testPlayGameGameIsOver" class="App\Cards\TwentyOneGameTest" classname="App.Cards.TwentyOneGameTest" file="/home/martin/dbwebb-kurser/mvc/me/report/tests/Cards/TwentyOneGameTest.php" line="14" assertions="5" time="0.003140">
          <system-out>[A‚ô•][2‚ô•][3‚ô•][4‚ô•][5‚ô•][6‚ô•][7‚ô•][8‚ô•][9‚ô•][10‚ô•][J‚ô•][Q‚ô•][K‚ô•][A‚ô£][2‚ô£][3‚ô£][4‚ô£][5‚ô£][6‚ô£][7‚ô£][8‚ô£][9‚ô£][10‚ô£][J‚ô£][Q‚ô£][K‚ô£][A‚ô¶][2‚ô¶][3‚ô¶][4‚ô¶][5‚ô¶][6‚ô¶][7‚ô¶][8‚ô¶][9‚ô¶][10‚ô¶][J‚ô¶][Q‚ô¶][K‚ô¶][A‚ô†][2‚ô†][3‚ô†][4‚ô†][5‚ô†][6‚ô†][7‚ô†][8‚ô†][9‚ô†][10‚ô†][J‚ô†][Q‚ô†][K‚ô†]</system-out>
        </testcase>
        <testcase name="testPlayGamePlayerBusts" class="App\Cards\TwentyOneGameTest" classname="App.Cards.TwentyOneGameTest" file="/home/martin/dbwebb-kurser/mvc/me/report/tests/Cards/TwentyOneGameTest.php" line="35" assertions="5" time="0.001158">
          <system-out>[A‚ô•][2‚ô•][3‚ô•][4‚ô•][5‚ô•][6‚ô•][7‚ô•][8‚ô•][9‚ô•][10‚ô•][J‚ô•][Q‚ô•][K‚ô•][A‚ô£][2‚ô£][3‚ô£][4‚ô£][5‚ô£][6‚ô£][7‚ô£][8‚ô£][9‚ô£][10‚ô£][J‚ô£][Q‚ô£][K‚ô£][A‚ô¶][2‚ô¶][3‚ô¶][4‚ô¶][5‚ô¶][6‚ô¶][7‚ô¶][8‚ô¶][9‚ô¶][10‚ô¶][J‚ô¶][Q‚ô¶][K‚ô¶][A‚ô†][2‚ô†][3‚ô†][4‚ô†][5‚ô†][6‚ô†][7‚ô†][8‚ô†][9‚ô†][10‚ô†][J‚ô†][Q‚ô†][K‚ô†][K‚ô†][K‚ô†]</system-out>
        </testcase>
        <testcase name="testPlayGamePlayerIsPlaying" class="App\Cards\TwentyOneGameTest" classname="App.Cards.TwentyOneGameTest" file="/home/martin/dbwebb-kurser/mvc/me/report/tests/Cards/TwentyOneGameTest.php" line="55" assertions="1" time="0.001454">
          <system-out>[A‚ô•][2‚ô•][3‚ô•][4‚ô•][5‚ô•][6‚ô•][7‚ô•][8‚ô•][9‚ô•][10‚ô•][J‚ô•][Q‚ô•][K‚ô•][A‚ô£][2‚ô£][3‚ô£][4‚ô£][5‚ô£][6‚ô£][7‚ô£][8‚ô£][9‚ô£][10‚ô£][J‚ô£][Q‚ô£][K‚ô£][A‚ô¶][2‚ô¶][3‚ô¶][4‚ô¶][5‚ô¶][6‚ô¶][7‚ô¶][8‚ô¶][9‚ô¶][10‚ô¶][J‚ô¶][Q‚ô¶][K‚ô¶][A‚ô†][2‚ô†][3‚ô†][4‚ô†][5‚ô†][6‚ô†][7‚ô†][8‚ô†][9‚ô†][10‚ô†][J‚ô†][Q‚ô†][K‚ô†]</system-out>
        </testcase>
        <testcase name="testPlayGameBankBusts" class="App\Cards\TwentyOneGameTest" classname="App.Cards.TwentyOneGameTest" file="/home/martin/dbwebb-kurser/mvc/me/report/tests/Cards/TwentyOneGameTest.php" line="67" assertions="4" time="0.001170">
          <system-out>[A‚ô•][2‚ô•][3‚ô•][4‚ô•][5‚ô•][6‚ô•][7‚ô•][8‚ô•][9‚ô•][10‚ô•][J‚ô•][Q‚ô•][K‚ô•][A‚ô£][2‚ô£][3‚ô£][4‚ô£][5‚ô£][6‚ô£][7‚ô£][8‚ô£][9‚ô£][10‚ô£][J‚ô£][Q‚ô£][K‚ô£][A‚ô¶][2‚ô¶][3‚ô¶][4‚ô¶][5‚ô¶][6‚ô¶][7‚ô¶][8‚ô¶][9‚ô¶][10‚ô¶][J‚ô¶][Q‚ô¶][K‚ô¶][A‚ô†][2‚ô†][3‚ô†][4‚ô†][5‚ô†][6‚ô†][7‚ô†][8‚ô†][9‚ô†][10‚ô†][J‚ô†][Q‚ô†][K‚ô†][K‚ô†][8‚ô†][K‚ô†][K‚ô†]</system-out>
        </testcase>
        <testcase name="testPlayGameBankWins" class="App\Cards\TwentyOneGameTest" classname="App.Cards.TwentyOneGameTest" file="/home/martin/dbwebb-kurser/mvc/me/report/tests/Cards/TwentyOneGameTest.php" line="90" assertions="4" time="0.001135">
          <system-out>[A‚ô•][2‚ô•][3‚ô•][4‚ô•][5‚ô•][6‚ô•][7‚ô•][8‚ô•][9‚ô•][10‚ô•][J‚ô•][Q‚ô•][K‚ô•][A‚ô£][2‚ô£][3‚ô£][4‚ô£][5‚ô£][6‚ô£][7‚ô£][8‚ô£][9‚ô£][10‚ô£][J‚ô£][Q‚ô£][K‚ô£][A‚ô¶][2‚ô¶][3‚ô¶][4‚ô¶][5‚ô¶][6‚ô¶][7‚ô¶][8‚ô¶][9‚ô¶][10‚ô¶][J‚ô¶][Q‚ô¶][K‚ô¶][A‚ô†][2‚ô†][3‚ô†][4‚ô†][5‚ô†][6‚ô†][7‚ô†][8‚ô†][9‚ô†][10‚ô†][J‚ô†][Q‚ô†][K‚ô†][10‚ô†][8‚ô†][J‚ô†][10‚ô†]</system-out>
        </testcase>
        <testcase name="testPlayGamePlayerWins" class="App\Cards\TwentyOneGameTest" classname="App.Cards.TwentyOneGameTest" file="/home/martin/dbwebb-kurser/mvc/me/report/tests/Cards/TwentyOneGameTest.php" line="113" assertions="4" time="0.001165">
          <system-out>[A‚ô•][2‚ô•][3‚ô•][4‚ô•][5‚ô•][6‚ô•][7‚ô•][8‚ô•][9‚ô•][10‚ô•][J‚ô•][Q‚ô•][K‚ô•][A‚ô£][2‚ô£][3‚ô£][4‚ô£][5‚ô£][6‚ô£][7‚ô£][8‚ô£][9‚ô£][10‚ô£][J‚ô£][Q‚ô£][K‚ô£][A‚ô¶][2‚ô¶][3‚ô¶][4‚ô¶][5‚ô¶][6‚ô¶][7‚ô¶][8‚ô¶][9‚ô¶][10‚ô¶][J‚ô¶][Q‚ô¶][K‚ô¶][A‚ô†][2‚ô†][3‚ô†][4‚ô†][5‚ô†][6‚ô†][7‚ô†][8‚ô†][9‚ô†][10‚ô†][J‚ô†][Q‚ô†][K‚ô†][10‚ô†][8‚ô†][10‚ô†][7‚ô†]</system-out>
        </testcase>
        <testcase name="testGetGameState" class="App\Cards\TwentyOneGameTest" classname="App.Cards.TwentyOneGameTest" file="/home/martin/dbwebb-kurser/mvc/me/report/tests/Cards/TwentyOneGameTest.php" line="136" assertions="1" time="0.001772">
          <system-out>[A‚ô•][2‚ô•][3‚ô•][4‚ô•][5‚ô•][6‚ô•][7‚ô•][8‚ô•][9‚ô•][10‚ô•][J‚ô•][Q‚ô•][K‚ô•][A‚ô£][2‚ô£][3‚ô£][4‚ô£][5‚ô£][6‚ô£][7‚ô£][8‚ô£][9‚ô£][10‚ô£][J‚ô£][Q‚ô£][K‚ô£][A‚ô¶][2‚ô¶][3‚ô¶][4‚ô¶][5‚ô¶][6‚ô¶][7‚ô¶][8‚ô¶][9‚ô¶][10‚ô¶][J‚ô¶][Q‚ô¶][K‚ô¶][A‚ô†][2‚ô†][3‚ô†][4‚ô†][5‚ô†][6‚ô†][7‚ô†][8‚ô†][9‚ô†][10‚ô†][J‚ô†][Q‚ô†][K‚ô†]</system-out>
        </testcase>
        <testcase name="testStopPlayerPlaying" class="App\Cards\TwentyOneGameTest" classname="App.Cards.TwentyOneGameTest" file="/home/martin/dbwebb-kurser/mvc/me/report/tests/Cards/TwentyOneGameTest.php" line="148" assertions="1" time="0.002519">
          <system-out>[A‚ô•][2‚ô•][3‚ô•][4‚ô•][5‚ô•][6‚ô•][7‚ô•][8‚ô•][9‚ô•][10‚ô•][J‚ô•][Q‚ô•][K‚ô•][A‚ô£][2‚ô£][3‚ô£][4‚ô£][5‚ô£][6‚ô£][7‚ô£][8‚ô£][9‚ô£][10‚ô£][J‚ô£][Q‚ô£][K‚ô£][A‚ô¶][2‚ô¶][3‚ô¶][4‚ô¶][5‚ô¶][6‚ô¶][7‚ô¶][8‚ô¶][9‚ô¶][10‚ô¶][J‚ô¶][Q‚ô¶][K‚ô¶][A‚ô†][2‚ô†][3‚ô†][4‚ô†][5‚ô†][6‚ô†][7‚ô†][8‚ô†][9‚ô†][10‚ô†][J‚ô†][Q‚ô†][K‚ô†]</system-out>
        </testcase>
        <testcase name="testGetMessage" class="App\Cards\TwentyOneGameTest" classname="App.Cards.TwentyOneGameTest" file="/home/martin/dbwebb-kurser/mvc/me/report/tests/Cards/TwentyOneGameTest.php" line="160" assertions="1" time="0.002350">
          <system-out>[A‚ô•][2‚ô•][3‚ô•][4‚ô•][5‚ô•][6‚ô•][7‚ô•][8‚ô•][9‚ô•][10‚ô•][J‚ô•][Q‚ô•][K‚ô•][A‚ô£][2‚ô£][3‚ô£][4‚ô£][5‚ô£][6‚ô£][7‚ô£][8‚ô£][9‚ô£][10‚ô£][J‚ô£][Q‚ô£][K‚ô£][A‚ô¶][2‚ô¶][3‚ô¶][4‚ô¶][5‚ô¶][6‚ô¶][7‚ô¶][8‚ô¶][9‚ô¶][10‚ô¶][J‚ô¶][Q‚ô¶][K‚ô¶][A‚ô†][2‚ô†][3‚ô†][4‚ô†][5‚ô†][6‚ô†][7‚ô†][8‚ô†][9‚ô†][10‚ô†][J‚ô†][Q‚ô†][K‚ô†]</system-out>
        </testcase>
      </testsuite>
      <testsuite name="App\Project\BankTest" file="/home/martin/dbwebb-kurser/mvc/me/report/tests/Project/BankTest.php" tests="3" assertions="3" errors="0" warnings="0" failures="0" skipped="0" time="0.007701">
        <testcase name="testPlayAndReturnPointsNotPlaying" class="App\Project\BankTest" classname="App.Project.BankTest" file="/home/martin/dbwebb-kurser/mvc/me/report/tests/Project/BankTest.php" line="13" assertions="1" time="0.005873"/>
        <testcase name="testPlayAndReturnPointsCardHandLessThan17" class="App\Project\BankTest" classname="App.Project.BankTest" file="/home/martin/dbwebb-kurser/mvc/me/report/tests/Project/BankTest.php" line="25" assertions="1" time="0.000941"/>
        <testcase name="testPlayAndReturnPointsCardHandMoreThan17" class="App\Project\BankTest" classname="App.Project.BankTest" file="/home/martin/dbwebb-kurser/mvc/me/report/tests/Project/BankTest.php" line="36" assertions="1" time="0.000887"/>
      </testsuite>
      <testsuite name="App\Project\BlackJackGameTest" file="/home/martin/dbwebb-kurser/mvc/me/report/tests/Project/BlackJackGameTest.php" tests="23" assertions="34" errors="0" warnings="0" failures="0" skipped="0" time="0.036454">
        <testcase name="testConstructorWithValidNumberOfPlayers" class="App\Project\BlackJackGameTest" classname="App.Project.BlackJackGameTest" file="/home/martin/dbwebb-kurser/mvc/me/report/tests/Project/BlackJackGameTest.php" line="16" assertions="1" time="0.003635"/>
        <testcase name="testConstructorWithInvalidNumberOfPlayers" class="App\Project\BlackJackGameTest" classname="App.Project.BlackJackGameTest" file="/home/martin/dbwebb-kurser/mvc/me/report/tests/Project/BlackJackGameTest.php" line="31" assertions="2" time="0.001575"/>
        <testcase name="testAddCardToCount" class="App\Project\BlackJackGameTest" classname="App.Project.BlackJackGameTest" file="/home/martin/dbwebb-kurser/mvc/me/report/tests/Project/BlackJackGameTest.php" line="48" assertions="3" time="0.000998"/>
        <testcase name="testPlayGameWhenGameOver" class="App\Project\BlackJackGameTest" classname="App.Project.BlackJackGameTest" file="/home/martin/dbwebb-kurser/mvc/me/report/tests/Project/BlackJackGameTest.php" line="75" assertions="1" time="0.001060"/>
        <testcase name="testPlayGameWhenNotBetting" class="App\Project\BlackJackGameTest" classname="App.Project.BlackJackGameTest" file="/home/martin/dbwebb-kurser/mvc/me/report/tests/Project/BlackJackGameTest.php" line="93" assertions="1" time="0.000931"/>
        <testcase name="testPlayGameWhenBetting" class="App\Project\BlackJackGameTest" classname="App.Project.BlackJackGameTest" file="/home/martin/dbwebb-kurser/mvc/me/report/tests/Project/BlackJackGameTest.php" line="111" assertions="1" time="0.001662"/>
        <testcase name="testPlayGamePlayersOver21" class="App\Project\BlackJackGameTest" classname="App.Project.BlackJackGameTest" file="/home/martin/dbwebb-kurser/mvc/me/report/tests/Project/BlackJackGameTest.php" line="128" assertions="1" time="0.001552"/>
        <testcase name="testGetRunningCount" class="App\Project\BlackJackGameTest" classname="App.Project.BlackJackGameTest" file="/home/martin/dbwebb-kurser/mvc/me/report/tests/Project/BlackJackGameTest.php" line="146" assertions="1" time="0.001599"/>
        <testcase name="testGetTrueCount" class="App\Project\BlackJackGameTest" classname="App.Project.BlackJackGameTest" file="/home/martin/dbwebb-kurser/mvc/me/report/tests/Project/BlackJackGameTest.php" line="163" assertions="1" time="0.000957"/>
        <testcase name="testSetGameOver" class="App\Project\BlackJackGameTest" classname="App.Project.BlackJackGameTest" file="/home/martin/dbwebb-kurser/mvc/me/report/tests/Project/BlackJackGameTest.php" line="180" assertions="1" time="0.001025"/>
        <testcase name="testGetPlayerBets" class="App\Project\BlackJackGameTest" classname="App.Project.BlackJackGameTest" file="/home/martin/dbwebb-kurser/mvc/me/report/tests/Project/BlackJackGameTest.php" line="196" assertions="1" time="0.001024"/>
        <testcase name="testSetGameState" class="App\Project\BlackJackGameTest" classname="App.Project.BlackJackGameTest" file="/home/martin/dbwebb-kurser/mvc/me/report/tests/Project/BlackJackGameTest.php" line="214" assertions="1" time="0.001753"/>
        <testcase name="testGetDeck" class="App\Project\BlackJackGameTest" classname="App.Project.BlackJackGameTest" file="/home/martin/dbwebb-kurser/mvc/me/report/tests/Project/BlackJackGameTest.php" line="232" assertions="1" time="0.001791"/>
        <testcase name="testGetPlayersPlaying" class="App\Project\BlackJackGameTest" classname="App.Project.BlackJackGameTest" file="/home/martin/dbwebb-kurser/mvc/me/report/tests/Project/BlackJackGameTest.php" line="249" assertions="3" time="0.003273"/>
        <testcase name="testAddPlayerBet" class="App\Project\BlackJackGameTest" classname="App.Project.BlackJackGameTest" file="/home/martin/dbwebb-kurser/mvc/me/report/tests/Project/BlackJackGameTest.php" line="268" assertions="2" time="0.002084"/>
        <testcase name="testDoublePlayerBet" class="App\Project\BlackJackGameTest" classname="App.Project.BlackJackGameTest" file="/home/martin/dbwebb-kurser/mvc/me/report/tests/Project/BlackJackGameTest.php" line="288" assertions="3" time="0.001104"/>
        <testcase name="testGetGameState" class="App\Project\BlackJackGameTest" classname="App.Project.BlackJackGameTest" file="/home/martin/dbwebb-kurser/mvc/me/report/tests/Project/BlackJackGameTest.php" line="312" assertions="1" time="0.001104"/>
        <testcase name="testGetMessage" class="App\Project\BlackJackGameTest" classname="App.Project.BlackJackGameTest" file="/home/martin/dbwebb-kurser/mvc/me/report/tests/Project/BlackJackGameTest.php" line="326" assertions="1" time="0.000936"/>
        <testcase name="testSetPlayerBalance" class="App\Project\BlackJackGameTest" classname="App.Project.BlackJackGameTest" file="/home/martin/dbwebb-kurser/mvc/me/report/tests/Project/BlackJackGameTest.php" line="344" assertions="1" time="0.000997"/>
        <testcase name="testGivePlayerCard" class="App\Project\BlackJackGameTest" classname="App.Project.BlackJackGameTest" file="/home/martin/dbwebb-kurser/mvc/me/report/tests/Project/BlackJackGameTest.php" line="362" assertions="2" time="0.000997"/>
        <testcase name="testStopPlayerPlaying" class="App\Project\BlackJackGameTest" classname="App.Project.BlackJackGameTest" file="/home/martin/dbwebb-kurser/mvc/me/report/tests/Project/BlackJackGameTest.php" line="383" assertions="2" time="0.001753"/>
        <testcase name="testGameIsOverAfterPlayBank" class="App\Project\BlackJackGameTest" classname="App.Project.BlackJackGameTest" file="/home/martin/dbwebb-kurser/mvc/me/report/tests/Project/BlackJackGameTest.php" line="403" assertions="1" time="0.002534"/>
        <testcase name="testMessagesWhenAndPlayersWonWhenBusted" class="App\Project\BlackJackGameTest" classname="App.Project.BlackJackGameTest" file="/home/martin/dbwebb-kurser/mvc/me/report/tests/Project/BlackJackGameTest.php" line="420" assertions="2" time="0.002109"/>
      </testsuite>
      <testsuite name="App\Project\CardHandTest" file="/home/martin/dbwebb-kurser/mvc/me/report/tests/Project/CardHandTest.php" tests="4" assertions="4" errors="0" warnings="0" failures="0" skipped="0" time="0.002015">
        <testcase name="testGetCardStrings" class="App\Project\CardHandTest" classname="App.Project.CardHandTest" file="/home/martin/dbwebb-kurser/mvc/me/report/tests/Project/CardHandTest.php" line="12" assertions="1" time="0.000569"/>
        <testcase name="testGetTotalPoints" class="App\Project\CardHandTest" classname="App.Project.CardHandTest" file="/home/martin/dbwebb-kurser/mvc/me/report/tests/Project/CardHandTest.php" line="25" assertions="1" time="0.000482"/>
        <testcase name="testAddCard" class="App\Project\CardHandTest" classname="App.Project.CardHandTest" file="/home/martin/dbwebb-kurser/mvc/me/report/tests/Project/CardHandTest.php" line="39" assertions="1" time="0.000462"/>
        <testcase name="testInvalidCard" class="App\Project\CardHandTest" classname="App.Project.CardHandTest" file="/home/martin/dbwebb-kurser/mvc/me/report/tests/Project/CardHandTest.php" line="53" assertions="1" time="0.000501"/>
      </testsuite>
      <testsuite name="App\Project\CardTest" file="/home/martin/dbwebb-kurser/mvc/me/report/tests/Project/CardTest.php" tests="5" assertions="5" errors="0" warnings="0" failures="0" skipped="0" time="0.002506">
        <testcase name="testValidCard" class="App\Project\CardTest" classname="App.Project.CardTest" file="/home/martin/dbwebb-kurser/mvc/me/report/tests/Project/CardTest.php" line="18" assertions="1" time="0.000482"/>
        <testcase name="testInvalidSuit" class="App\Project\CardTest" classname="App.Project.CardTest" file="/home/martin/dbwebb-kurser/mvc/me/report/tests/Project/CardTest.php" line="28" assertions="1" time="0.000550"/>
        <testcase name="testInvalidValue" class="App\Project\CardTest" classname="App.Project.CardTest" file="/home/martin/dbwebb-kurser/mvc/me/report/tests/Project/CardTest.php" line="38" assertions="1" time="0.000542"/>
        <testcase name="testGetCardString" class="App\Project\CardTest" classname="App.Project.CardTest" file="/home/martin/dbwebb-kurser/mvc/me/report/tests/Project/CardTest.php" line="47" assertions="1" time="0.000483"/>
        <testcase name="testSetPoints" class="App\Project\CardTest" classname="App.Project.CardTest" file="/home/martin/dbwebb-kurser/mvc/me/report/tests/Project/CardTest.php" line="56" assertions="1" time="0.000448"/>
      </testsuite>
      <testsuite name="App\Project\DeckOfCardsTest" file="/home/martin/dbwebb-kurser/mvc/me/report/tests/Project/DeckOfCardsTest.php" tests="4" assertions="5" errors="0" warnings="0" failures="0" skipped="0" time="0.012574">
        <testcase name="testGetCardStrings" class="App\Project\DeckOfCardsTest" classname="App.Project.DeckOfCardsTest" file="/home/martin/dbwebb-kurser/mvc/me/report/tests/Project/DeckOfCardsTest.php" line="10" assertions="1" time="0.000856"/>
        <testcase name="testShuffleDeck" class="App\Project\DeckOfCardsTest" classname="App.Project.DeckOfCardsTest" file="/home/martin/dbwebb-kurser/mvc/me/report/tests/Project/DeckOfCardsTest.php" line="17" assertions="1" time="0.007361"/>
        <testcase name="testGetNumCards" class="App\Project\DeckOfCardsTest" classname="App.Project.DeckOfCardsTest" file="/home/martin/dbwebb-kurser/mvc/me/report/tests/Project/DeckOfCardsTest.php" line="28" assertions="1" time="0.002645"/>
        <testcase name="testDrawCards" class="App\Project\DeckOfCardsTest" classname="App.Project.DeckOfCardsTest" file="/home/martin/dbwebb-kurser/mvc/me/report/tests/Project/DeckOfCardsTest.php" line="36" assertions="2" time="0.001713"/>
      </testsuite>
      <testsuite name="App\Project\PlayerTest" file="/home/martin/dbwebb-kurser/mvc/me/report/tests/Project/PlayerTest.php" tests="3" assertions="7" errors="0" warnings="0" failures="0" skipped="0" time="0.001688">
        <testcase name="testReset" class="App\Project\PlayerTest" classname="App.Project.PlayerTest" file="/home/martin/dbwebb-kurser/mvc/me/report/tests/Project/PlayerTest.php" line="12" assertions="3" time="0.000648"/>
        <testcase name="testStopPlaying" class="App\Project\PlayerTest" classname="App.Project.PlayerTest" file="/home/martin/dbwebb-kurser/mvc/me/report/tests/Project/PlayerTest.php" line="24" assertions="2" time="0.000538"/>
        <testcase name="testAddCard" class="App\Project\PlayerTest" classname="App.Project.PlayerTest" file="/home/martin/dbwebb-kurser/mvc/me/report/tests/Project/PlayerTest.php" line="35" assertions="2" time="0.000503"/>
      </testsuite>
      <testsuite name="App\Tests\ProjectControllerTest" file="/home/martin/dbwebb-kurser/mvc/me/report/tests/Project/ProjectControllerTest.php" tests="8" assertions="18" errors="0" warnings="0" failures="0" skipped="0" time="0.573985">
        <testcase name="testAboutRoute" class="App\Tests\ProjectControllerTest" classname="App.Tests.ProjectControllerTest" file="/home/martin/dbwebb-kurser/mvc/me/report/tests/Project/ProjectControllerTest.php" line="9" assertions="2" time="0.403665"/>
        <testcase name="testHomeRoute" class="App\Tests\ProjectControllerTest" classname="App.Tests.ProjectControllerTest" file="/home/martin/dbwebb-kurser/mvc/me/report/tests/Project/ProjectControllerTest.php" line="19" assertions="2" time="0.024160"/>
        <testcase name="testTitleInHomeRoute" class="App\Tests\ProjectControllerTest" classname="App.Tests.ProjectControllerTest" file="/home/martin/dbwebb-kurser/mvc/me/report/tests/Project/ProjectControllerTest.php" line="30" assertions="3" time="0.036114"/>
        <testcase name="testTitleInAboutRoute" class="App\Tests\ProjectControllerTest" classname="App.Tests.ProjectControllerTest" file="/home/martin/dbwebb-kurser/mvc/me/report/tests/Project/ProjectControllerTest.php" line="40" assertions="3" time="0.020559"/>
        <testcase name="testH1ExistsHomeRoute" class="App\Tests\ProjectControllerTest" classname="App.Tests.ProjectControllerTest" file="/home/martin/dbwebb-kurser/mvc/me/report/tests/Project/ProjectControllerTest.php" line="50" assertions="2" time="0.021667"/>
        <testcase name="testH1ExistsAboutRoute" class="App\Tests\ProjectControllerTest" classname="App.Tests.ProjectControllerTest" file="/home/martin/dbwebb-kurser/mvc/me/report/tests/Project/ProjectControllerTest.php" line="60" assertions="2" time="0.020895"/>
        <testcase name="testApiRoute" class="App\Tests\ProjectControllerTest" classname="App.Tests.ProjectControllerTest" file="/home/martin/dbwebb-kurser/mvc/me/report/tests/Project/ProjectControllerTest.php" line="71" assertions="2" time="0.022245"/>
        <testcase name="testAboutDatabaseRoute" class="App\Tests\ProjectControllerTest" classname="App.Tests.ProjectControllerTest" file="/home/martin/dbwebb-kurser/mvc/me/report/tests/Project/ProjectControllerTest.php" line="82" assertions="2" time="0.024680"/>
      </testsuite>
      <testsuite name="App\Tests\ProjectNavigationTest" file="/home/martin/dbwebb-kurser/mvc/me/report/tests/Project/ProjectNavigationTest.php" tests="2" assertions="4" errors="0" warnings="0" failures="0" skipped="0" time="0.089537">
        <testcase name="testAboutLinkInNavigation" class="App\Tests\ProjectNavigationTest" classname="App.Tests.ProjectNavigationTest" file="/home/martin/dbwebb-kurser/mvc/me/report/tests/Project/ProjectNavigationTest.php" line="9" assertions="2" time="0.046997"/>
        <testcase name="testHomeLinkInNavigation" class="App\Tests\ProjectNavigationTest" classname="App.Tests.ProjectNavigationTest" file="/home/martin/dbwebb-kurser/mvc/me/report/tests/Project/ProjectNavigationTest.php" line="24" assertions="2" time="0.042539"/>
      </testsuite>
      <testsuite name="App\Tests\ProjectLoginUnitTest" file="/home/martin/dbwebb-kurser/mvc/me/report/tests/Project/unit/ProjectLoginUnitTest.php" tests="3" assertions="6" errors="0" warnings="0" failures="0" skipped="0" time="0.082164">
        <testcase name="testProjectRouteFormExists" class="App\Tests\ProjectLoginUnitTest" classname="App.Tests.ProjectLoginUnitTest" file="/home/martin/dbwebb-kurser/mvc/me/report/tests/Project/unit/ProjectLoginUnitTest.php" line="9" assertions="3" time="0.026641"/>
        <testcase name="testProjectRouteFormHasCorrectLabel" class="App\Tests\ProjectLoginUnitTest" classname="App.Tests.ProjectLoginUnitTest" file="/home/martin/dbwebb-kurser/mvc/me/report/tests/Project/unit/ProjectLoginUnitTest.php" line="20" assertions="2" time="0.032111"/>
        <testcase name="testProjectRouteFormMethodIsPost" class="App\Tests\ProjectLoginUnitTest" classname="App.Tests.ProjectLoginUnitTest" file="/home/martin/dbwebb-kurser/mvc/me/report/tests/Project/unit/ProjectLoginUnitTest.php" line="29" assertions="1" time="0.023411"/>
      </testsuite>
    </testsuite>
  </testsuite>
</testsuites>
